<?xml version="1.0" encoding="UTF-8"?>
<testsuites>
  <testsuite name="/var/www/html/phpunit.xml" tests="354" assertions="604" errors="19" failures="24" skipped="0" time="105.287490">
    <testsuite name="Unit" tests="1" assertions="1" errors="0" failures="0" skipped="0" time="0.002158">
      <testsuite name="Tests\Unit\ExampleTest" file="/var/www/html/tests/Unit/ExampleTest.php" tests="1" assertions="1" errors="0" failures="0" skipped="0" time="0.002158">
        <testcase name="test_that_true_is_true" file="/var/www/html/tests/Unit/ExampleTest.php" line="12" class="Tests\Unit\ExampleTest" classname="Tests.Unit.ExampleTest" assertions="1" time="0.002158"/>
      </testsuite>
    </testsuite>
    <testsuite name="Feature" tests="353" assertions="603" errors="19" failures="24" skipped="0" time="105.285332">
      <testsuite name="Tests\Feature\Admin\AdminAuthTest" file="/var/www/html/tests/Feature/Admin/AdminAuthTest.php" tests="6" assertions="9" errors="0" failures="0" skipped="0" time="61.467805">
        <testcase name="test_admin_login_page_loads" file="/var/www/html/tests/Feature/Admin/AdminAuthTest.php" line="13" class="Tests\Feature\Admin\AdminAuthTest" classname="Tests.Feature.Admin.AdminAuthTest" assertions="1" time="60.999990"/>
        <testcase name="test_admin_can_login" file="/var/www/html/tests/Feature/Admin/AdminAuthTest.php" line="18" class="Tests\Feature\Admin\AdminAuthTest" classname="Tests.Feature.Admin.AdminAuthTest" assertions="2" time="0.074438"/>
        <testcase name="test_non_admin_cannot_login" file="/var/www/html/tests/Feature/Admin/AdminAuthTest.php" line="28" class="Tests\Feature\Admin\AdminAuthTest" classname="Tests.Feature.Admin.AdminAuthTest" assertions="2" time="0.054771"/>
        <testcase name="test_invalid_credentials_rejected" file="/var/www/html/tests/Feature/Admin/AdminAuthTest.php" line="38" class="Tests\Feature\Admin\AdminAuthTest" classname="Tests.Feature.Admin.AdminAuthTest" assertions="2" time="0.238224"/>
        <testcase name="test_admin_dashboard_requires_auth" file="/var/www/html/tests/Feature/Admin/AdminAuthTest.php" line="46" class="Tests\Feature\Admin\AdminAuthTest" classname="Tests.Feature.Admin.AdminAuthTest" assertions="1" time="0.033872"/>
        <testcase name="test_admin_can_logout" file="/var/www/html/tests/Feature/Admin/AdminAuthTest.php" line="51" class="Tests\Feature\Admin\AdminAuthTest" classname="Tests.Feature.Admin.AdminAuthTest" assertions="1" time="0.066509"/>
      </testsuite>
      <testsuite name="Tests\Feature\Admin\AdminDistributorTest" file="/var/www/html/tests/Feature/Admin/AdminDistributorTest.php" tests="5" assertions="8" errors="0" failures="0" skipped="0" time="0.277082">
        <testcase name="test_non_admin_cannot_access" file="/var/www/html/tests/Feature/Admin/AdminDistributorTest.php" line="19" class="Tests\Feature\Admin\AdminDistributorTest" classname="Tests.Feature.Admin.AdminDistributorTest" assertions="1" time="0.062614"/>
        <testcase name="test_list_distributors" file="/var/www/html/tests/Feature/Admin/AdminDistributorTest.php" line="26" class="Tests\Feature\Admin\AdminDistributorTest" classname="Tests.Feature.Admin.AdminDistributorTest" assertions="1" time="0.058791"/>
        <testcase name="test_create_distributor" file="/var/www/html/tests/Feature/Admin/AdminDistributorTest.php" line="34" class="Tests\Feature\Admin\AdminDistributorTest" classname="Tests.Feature.Admin.AdminDistributorTest" assertions="2" time="0.049344"/>
        <testcase name="test_update_distributor" file="/var/www/html/tests/Feature/Admin/AdminDistributorTest.php" line="47" class="Tests\Feature\Admin\AdminDistributorTest" classname="Tests.Feature.Admin.AdminDistributorTest" assertions="2" time="0.050479"/>
        <testcase name="test_delete_distributor" file="/var/www/html/tests/Feature/Admin/AdminDistributorTest.php" line="62" class="Tests\Feature\Admin\AdminDistributorTest" classname="Tests.Feature.Admin.AdminDistributorTest" assertions="2" time="0.055854"/>
      </testsuite>
      <testsuite name="Tests\Feature\Admin\AdminLicenseTest" file="/var/www/html/tests/Feature/Admin/AdminLicenseTest.php" tests="6" assertions="10" errors="0" failures="0" skipped="0" time="0.335825">
        <testcase name="test_non_admin_cannot_access" file="/var/www/html/tests/Feature/Admin/AdminLicenseTest.php" line="21" class="Tests\Feature\Admin\AdminLicenseTest" classname="Tests.Feature.Admin.AdminLicenseTest" assertions="1" time="0.055576"/>
        <testcase name="test_list_licenses" file="/var/www/html/tests/Feature/Admin/AdminLicenseTest.php" line="28" class="Tests\Feature\Admin\AdminLicenseTest" classname="Tests.Feature.Admin.AdminLicenseTest" assertions="1" time="0.047196"/>
        <testcase name="test_create_license" file="/var/www/html/tests/Feature/Admin/AdminLicenseTest.php" line="35" class="Tests\Feature\Admin\AdminLicenseTest" classname="Tests.Feature.Admin.AdminLicenseTest" assertions="2" time="0.064966"/>
        <testcase name="test_revoke_license" file="/var/www/html/tests/Feature/Admin/AdminLicenseTest.php" line="56" class="Tests\Feature\Admin\AdminLicenseTest" classname="Tests.Feature.Admin.AdminLicenseTest" assertions="2" time="0.061204"/>
        <testcase name="test_expiration_must_be_future" file="/var/www/html/tests/Feature/Admin/AdminLicenseTest.php" line="67" class="Tests\Feature\Admin\AdminLicenseTest" classname="Tests.Feature.Admin.AdminLicenseTest" assertions="2" time="0.054832"/>
        <testcase name="test_grace_days_bounds" file="/var/www/html/tests/Feature/Admin/AdminLicenseTest.php" line="82" class="Tests\Feature\Admin\AdminLicenseTest" classname="Tests.Feature.Admin.AdminLicenseTest" assertions="2" time="0.052052"/>
      </testsuite>
      <testsuite name="Tests\Feature\Admin\AdminPlanTest" file="/var/www/html/tests/Feature/Admin/AdminPlanTest.php" tests="5" assertions="7" errors="0" failures="0" skipped="0" time="0.284960">
        <testcase name="test_non_admin_cannot_access" file="/var/www/html/tests/Feature/Admin/AdminPlanTest.php" line="19" class="Tests\Feature\Admin\AdminPlanTest" classname="Tests.Feature.Admin.AdminPlanTest" assertions="1" time="0.052339"/>
        <testcase name="test_list_plans" file="/var/www/html/tests/Feature/Admin/AdminPlanTest.php" line="26" class="Tests\Feature\Admin\AdminPlanTest" classname="Tests.Feature.Admin.AdminPlanTest" assertions="1" time="0.055368"/>
        <testcase name="test_edit_plan" file="/var/www/html/tests/Feature/Admin/AdminPlanTest.php" line="34" class="Tests\Feature\Admin\AdminPlanTest" classname="Tests.Feature.Admin.AdminPlanTest" assertions="1" time="0.048579"/>
        <testcase name="test_update_plan" file="/var/www/html/tests/Feature/Admin/AdminPlanTest.php" line="42" class="Tests\Feature\Admin\AdminPlanTest" classname="Tests.Feature.Admin.AdminPlanTest" assertions="2" time="0.068901"/>
        <testcase name="test_slug_uniqueness" file="/var/www/html/tests/Feature/Admin/AdminPlanTest.php" line="58" class="Tests\Feature\Admin\AdminPlanTest" classname="Tests.Feature.Admin.AdminPlanTest" assertions="2" time="0.059774"/>
      </testsuite>
      <testsuite name="Tests\Feature\Admin\AdminTenantTest" file="/var/www/html/tests/Feature/Admin/AdminTenantTest.php" tests="8" assertions="13" errors="0" failures="1" skipped="0" time="0.532228">
        <testcase name="test_non_admin_cannot_access" file="/var/www/html/tests/Feature/Admin/AdminTenantTest.php" line="22" class="Tests\Feature\Admin\AdminTenantTest" classname="Tests.Feature.Admin.AdminTenantTest" assertions="1" time="0.058748"/>
        <testcase name="test_list_tenants" file="/var/www/html/tests/Feature/Admin/AdminTenantTest.php" line="29" class="Tests\Feature\Admin\AdminTenantTest" classname="Tests.Feature.Admin.AdminTenantTest" assertions="1" time="0.069365"/>
        <testcase name="test_show_tenant" file="/var/www/html/tests/Feature/Admin/AdminTenantTest.php" line="37" class="Tests\Feature\Admin\AdminTenantTest" classname="Tests.Feature.Admin.AdminTenantTest" assertions="1" time="0.069593"/>
        <testcase name="test_suspend_tenant" file="/var/www/html/tests/Feature/Admin/AdminTenantTest.php" line="45" class="Tests\Feature\Admin\AdminTenantTest" classname="Tests.Feature.Admin.AdminTenantTest" assertions="2" time="0.056697"/>
        <testcase name="test_unsuspend_tenant" file="/var/www/html/tests/Feature/Admin/AdminTenantTest.php" line="56" class="Tests\Feature\Admin\AdminTenantTest" classname="Tests.Feature.Admin.AdminTenantTest" assertions="2" time="0.058905"/>
        <testcase name="test_change_plan" file="/var/www/html/tests/Feature/Admin/AdminTenantTest.php" line="67" class="Tests\Feature\Admin\AdminTenantTest" classname="Tests.Feature.Admin.AdminTenantTest" assertions="2" time="0.087404"/>
        <testcase name="test_update_seats" file="/var/www/html/tests/Feature/Admin/AdminTenantTest.php" line="83" class="Tests\Feature\Admin\AdminTenantTest" classname="Tests.Feature.Admin.AdminTenantTest" assertions="2" time="0.064058"/>
        <testcase name="test_impersonate_tenant" file="/var/www/html/tests/Feature/Admin/AdminTenantTest.php" line="98" class="Tests\Feature\Admin\AdminTenantTest" classname="Tests.Feature.Admin.AdminTenantTest" assertions="2" time="0.067459">
          <failure type="PHPUnit\Framework\ExpectationFailedException">Tests\Feature\Admin\AdminTenantTest::test_impersonate_tenant
Failed asserting that null matches expected 9.

/var/www/html/vendor/laravel/framework/src/Illuminate/Testing/TestResponseAssert.php:45
/var/www/html/vendor/laravel/framework/src/Illuminate/Testing/TestResponse.php:1554
/var/www/html/tests/Feature/Admin/AdminTenantTest.php:105</failure>
        </testcase>
      </testsuite>
      <testsuite name="Tests\Feature\AgentEscalationTest" file="/var/www/html/tests/Feature/AgentEscalationTest.php" tests="5" assertions="10" errors="0" failures="1" skipped="0" time="0.592876">
        <testcase name="test_escalation_returns_403_for_starter_plan" file="/var/www/html/tests/Feature/AgentEscalationTest.php" line="51" class="Tests\Feature\AgentEscalationTest" classname="Tests.Feature.AgentEscalationTest" assertions="1" time="0.118104"/>
        <testcase name="test_can_escalate_ticket" file="/var/www/html/tests/Feature/AgentEscalationTest.php" line="66" class="Tests\Feature\AgentEscalationTest" classname="Tests.Feature.AgentEscalationTest" assertions="3" time="0.114966"/>
        <testcase name="test_escalation_with_agent_reassignment" file="/var/www/html/tests/Feature/AgentEscalationTest.php" line="90" class="Tests\Feature\AgentEscalationTest" classname="Tests.Feature.AgentEscalationTest" assertions="2" time="0.119064">
          <failure type="PHPUnit\Framework\ExpectationFailedException">Tests\Feature\AgentEscalationTest::test_escalation_with_agent_reassignment
Failed asserting that two strings are equal.
--- Expected
+++ Actual
@@ @@
-'tier_3'
+'tier_1'

/var/www/html/tests/Feature/AgentEscalationTest.php:110</failure>
        </testcase>
        <testcase name="test_escalation_without_agent_keeps_current" file="/var/www/html/tests/Feature/AgentEscalationTest.php" line="114" class="Tests\Feature\AgentEscalationTest" classname="Tests.Feature.AgentEscalationTest" assertions="2" time="0.133063"/>
        <testcase name="test_escalation_requires_valid_tier" file="/var/www/html/tests/Feature/AgentEscalationTest.php" line="133" class="Tests\Feature\AgentEscalationTest" classname="Tests.Feature.AgentEscalationTest" assertions="2" time="0.107679"/>
      </testsuite>
      <testsuite name="Tests\Feature\AppSettingTest" file="/var/www/html/tests/Feature/AppSettingTest.php" tests="8" assertions="11" errors="0" failures="0" skipped="0" time="2.867213">
        <testcase name="test_general_settings_page" file="/var/www/html/tests/Feature/AppSettingTest.php" line="36" class="Tests\Feature\AppSettingTest" classname="Tests.Feature.AppSettingTest" assertions="1" time="0.430890"/>
        <testcase name="test_save_general_settings" file="/var/www/html/tests/Feature/AppSettingTest.php" line="42" class="Tests\Feature\AppSettingTest" classname="Tests.Feature.AppSettingTest" assertions="2" time="0.420100"/>
        <testcase name="test_ticket_settings_page" file="/var/www/html/tests/Feature/AppSettingTest.php" line="56" class="Tests\Feature\AppSettingTest" classname="Tests.Feature.AppSettingTest" assertions="1" time="0.376463"/>
        <testcase name="test_notification_settings_feature_gated" file="/var/www/html/tests/Feature/AppSettingTest.php" line="62" class="Tests\Feature\AppSettingTest" classname="Tests.Feature.AppSettingTest" assertions="1" time="0.294854"/>
        <testcase name="test_notification_settings_accessible_for_business" file="/var/www/html/tests/Feature/AppSettingTest.php" line="68" class="Tests\Feature\AppSettingTest" classname="Tests.Feature.AppSettingTest" assertions="1" time="0.346899"/>
        <testcase name="test_save_notification_settings" file="/var/www/html/tests/Feature/AppSettingTest.php" line="74" class="Tests\Feature\AppSettingTest" classname="Tests.Feature.AppSettingTest" assertions="2" time="0.374616"/>
        <testcase name="test_branding_settings_page" file="/var/www/html/tests/Feature/AppSettingTest.php" line="89" class="Tests\Feature\AppSettingTest" classname="Tests.Feature.AppSettingTest" assertions="1" time="0.315433"/>
        <testcase name="test_save_branding_colors" file="/var/www/html/tests/Feature/AppSettingTest.php" line="95" class="Tests\Feature\AppSettingTest" classname="Tests.Feature.AppSettingTest" assertions="2" time="0.307959"/>
      </testsuite>
      <testsuite name="Tests\Feature\Auth\AuthenticationTest" file="/var/www/html/tests/Feature/Auth/AuthenticationTest.php" tests="6" assertions="14" errors="0" failures="0" skipped="0" time="0.584114">
        <testcase name="test_login_screen_can_be_rendered" file="/var/www/html/tests/Feature/Auth/AuthenticationTest.php" line="15" class="Tests\Feature\Auth\AuthenticationTest" classname="Tests.Feature.Auth.AuthenticationTest" assertions="1" time="0.054063"/>
        <testcase name="test_user_with_single_tenant_redirected_to_subdomain_dashboard" file="/var/www/html/tests/Feature/Auth/AuthenticationTest.php" line="22" class="Tests\Feature\Auth\AuthenticationTest" classname="Tests.Feature.Auth.AuthenticationTest" assertions="3" time="0.073597"/>
        <testcase name="test_user_with_multiple_tenants_redirected_to_tenant_select" file="/var/www/html/tests/Feature/Auth/AuthenticationTest.php" line="38" class="Tests\Feature\Auth\AuthenticationTest" classname="Tests.Feature.Auth.AuthenticationTest" assertions="3" time="0.064103"/>
        <testcase name="test_user_with_no_tenants_redirected_to_no_tenant_page" file="/var/www/html/tests/Feature/Auth/AuthenticationTest.php" line="55" class="Tests\Feature\Auth\AuthenticationTest" classname="Tests.Feature.Auth.AuthenticationTest" assertions="3" time="0.060781"/>
        <testcase name="test_users_can_not_authenticate_with_invalid_password" file="/var/www/html/tests/Feature/Auth/AuthenticationTest.php" line="68" class="Tests\Feature\Auth\AuthenticationTest" classname="Tests.Feature.Auth.AuthenticationTest" assertions="1" time="0.283262"/>
        <testcase name="test_users_can_logout" file="/var/www/html/tests/Feature/Auth/AuthenticationTest.php" line="80" class="Tests\Feature\Auth\AuthenticationTest" classname="Tests.Feature.Auth.AuthenticationTest" assertions="3" time="0.048308"/>
      </testsuite>
      <testsuite name="Tests\Feature\Auth\EmailVerificationTest" file="/var/www/html/tests/Feature/Auth/EmailVerificationTest.php" tests="3" assertions="6" errors="0" failures="0" skipped="0" time="0.190513">
        <testcase name="test_email_verification_screen_can_be_rendered" file="/var/www/html/tests/Feature/Auth/EmailVerificationTest.php" line="30" class="Tests\Feature\Auth\EmailVerificationTest" classname="Tests.Feature.Auth.EmailVerificationTest" assertions="1" time="0.061800"/>
        <testcase name="test_email_can_be_verified" file="/var/www/html/tests/Feature/Auth/EmailVerificationTest.php" line="41" class="Tests\Feature\Auth\EmailVerificationTest" classname="Tests.Feature.Auth.EmailVerificationTest" assertions="4" time="0.061798"/>
        <testcase name="test_email_is_not_verified_with_invalid_hash" file="/var/www/html/tests/Feature/Auth/EmailVerificationTest.php" line="63" class="Tests\Feature\Auth\EmailVerificationTest" classname="Tests.Feature.Auth.EmailVerificationTest" assertions="1" time="0.066915"/>
      </testsuite>
      <testsuite name="Tests\Feature\Auth\PasswordConfirmationTest" file="/var/www/html/tests/Feature/Auth/PasswordConfirmationTest.php" tests="3" assertions="4" errors="0" failures="0" skipped="0" time="0.409007">
        <testcase name="test_confirm_password_screen_can_be_rendered" file="/var/www/html/tests/Feature/Auth/PasswordConfirmationTest.php" line="24" class="Tests\Feature\Auth\PasswordConfirmationTest" classname="Tests.Feature.Auth.PasswordConfirmationTest" assertions="1" time="0.060132"/>
        <testcase name="test_password_can_be_confirmed" file="/var/www/html/tests/Feature/Auth/PasswordConfirmationTest.php" line="35" class="Tests\Feature\Auth\PasswordConfirmationTest" classname="Tests.Feature.Auth.PasswordConfirmationTest" assertions="2" time="0.077136"/>
        <testcase name="test_password_is_not_confirmed_with_invalid_password" file="/var/www/html/tests/Feature/Auth/PasswordConfirmationTest.php" line="49" class="Tests\Feature\Auth\PasswordConfirmationTest" classname="Tests.Feature.Auth.PasswordConfirmationTest" assertions="1" time="0.271738"/>
      </testsuite>
      <testsuite name="Tests\Feature\Auth\PasswordResetTest" file="/var/www/html/tests/Feature/Auth/PasswordResetTest.php" tests="4" assertions="8" errors="0" failures="0" skipped="0" time="0.891159">
        <testcase name="test_reset_password_link_screen_can_be_rendered" file="/var/www/html/tests/Feature/Auth/PasswordResetTest.php" line="15" class="Tests\Feature\Auth\PasswordResetTest" classname="Tests.Feature.Auth.PasswordResetTest" assertions="1" time="0.041338"/>
        <testcase name="test_reset_password_link_can_be_requested" file="/var/www/html/tests/Feature/Auth/PasswordResetTest.php" line="22" class="Tests\Feature\Auth\PasswordResetTest" classname="Tests.Feature.Auth.PasswordResetTest" assertions="1" time="0.276151"/>
        <testcase name="test_reset_password_screen_can_be_rendered" file="/var/www/html/tests/Feature/Auth/PasswordResetTest.php" line="33" class="Tests\Feature\Auth\PasswordResetTest" classname="Tests.Feature.Auth.PasswordResetTest" assertions="2" time="0.283596"/>
        <testcase name="test_password_can_be_reset_with_valid_token" file="/var/www/html/tests/Feature/Auth/PasswordResetTest.php" line="50" class="Tests\Feature\Auth\PasswordResetTest" classname="Tests.Feature.Auth.PasswordResetTest" assertions="4" time="0.290074"/>
      </testsuite>
      <testsuite name="Tests\Feature\Auth\PasswordUpdateTest" file="/var/www/html/tests/Feature/Auth/PasswordUpdateTest.php" tests="2" assertions="8" errors="0" failures="0" skipped="0" time="0.125630">
        <testcase name="test_password_can_be_updated" file="/var/www/html/tests/Feature/Auth/PasswordUpdateTest.php" line="14" class="Tests\Feature\Auth\PasswordUpdateTest" classname="Tests.Feature.Auth.PasswordUpdateTest" assertions="4" time="0.064412"/>
        <testcase name="test_correct_password_must_be_provided_to_update_password" file="/var/www/html/tests/Feature/Auth/PasswordUpdateTest.php" line="34" class="Tests\Feature\Auth\PasswordUpdateTest" classname="Tests.Feature.Auth.PasswordUpdateTest" assertions="4" time="0.061218"/>
      </testsuite>
      <testsuite name="Tests\Feature\Auth\RegistrationTest" file="/var/www/html/tests/Feature/Auth/RegistrationTest.php" tests="8" assertions="24" errors="0" failures="0" skipped="0" time="1.002394">
        <testcase name="test_registration_screen_can_be_rendered" file="/var/www/html/tests/Feature/Auth/RegistrationTest.php" line="16" class="Tests\Feature\Auth\RegistrationTest" classname="Tests.Feature.Auth.RegistrationTest" assertions="1" time="0.052723"/>
        <testcase name="test_new_users_can_register_with_valid_license" file="/var/www/html/tests/Feature/Auth/RegistrationTest.php" line="23" class="Tests\Feature\Auth\RegistrationTest" classname="Tests.Feature.Auth.RegistrationTest" assertions="7" time="0.306183"/>
        <testcase name="test_registration_fails_with_invalid_license_key" file="/var/www/html/tests/Feature/Auth/RegistrationTest.php" line="55" class="Tests\Feature\Auth\RegistrationTest" classname="Tests.Feature.Auth.RegistrationTest" assertions="3" time="0.042571"/>
        <testcase name="test_registration_fails_with_already_activated_license" file="/var/www/html/tests/Feature/Auth/RegistrationTest.php" line="71" class="Tests\Feature\Auth\RegistrationTest" classname="Tests.Feature.Auth.RegistrationTest" assertions="3" time="0.057320"/>
        <testcase name="test_user_is_added_as_tenant_owner_after_registration" file="/var/www/html/tests/Feature/Auth/RegistrationTest.php" line="89" class="Tests\Feature\Auth\RegistrationTest" classname="Tests.Feature.Auth.RegistrationTest" assertions="1" time="0.324160"/>
        <testcase name="test_registration_fails_with_invalid_slug" file="/var/www/html/tests/Feature/Auth/RegistrationTest.php" line="109" class="Tests\Feature\Auth\RegistrationTest" classname="Tests.Feature.Auth.RegistrationTest" assertions="3" time="0.071494"/>
        <testcase name="test_registration_fails_with_reserved_slug" file="/var/www/html/tests/Feature/Auth/RegistrationTest.php" line="127" class="Tests\Feature\Auth\RegistrationTest" classname="Tests.Feature.Auth.RegistrationTest" assertions="3" time="0.074658"/>
        <testcase name="test_registration_fails_with_duplicate_slug" file="/var/www/html/tests/Feature/Auth/RegistrationTest.php" line="145" class="Tests\Feature\Auth\RegistrationTest" classname="Tests.Feature.Auth.RegistrationTest" assertions="3" time="0.073286"/>
      </testsuite>
      <testsuite name="Tests\Feature\CannedResponseTest" file="/var/www/html/tests/Feature/CannedResponseTest.php" tests="10" assertions="25" errors="0" failures="0" skipped="0" time="0.946049">
        <testcase name="test_index_requires_auth" file="/var/www/html/tests/Feature/CannedResponseTest.php" line="52" class="Tests\Feature\CannedResponseTest" classname="Tests.Feature.CannedResponseTest" assertions="2" time="0.071623"/>
        <testcase name="test_index_returns_403_for_starter_plan" file="/var/www/html/tests/Feature/CannedResponseTest.php" line="60" class="Tests\Feature\CannedResponseTest" classname="Tests.Feature.CannedResponseTest" assertions="1" time="0.068966"/>
        <testcase name="test_index_works_for_business_plan" file="/var/www/html/tests/Feature/CannedResponseTest.php" line="69" class="Tests\Feature\CannedResponseTest" classname="Tests.Feature.CannedResponseTest" assertions="2" time="0.121187"/>
        <testcase name="test_can_create_canned_response" file="/var/www/html/tests/Feature/CannedResponseTest.php" line="79" class="Tests\Feature\CannedResponseTest" classname="Tests.Feature.CannedResponseTest" assertions="2" time="0.083428"/>
        <testcase name="test_can_update_canned_response" file="/var/www/html/tests/Feature/CannedResponseTest.php" line="100" class="Tests\Feature\CannedResponseTest" classname="Tests.Feature.CannedResponseTest" assertions="3" time="0.083046"/>
        <testcase name="test_can_delete_canned_response" file="/var/www/html/tests/Feature/CannedResponseTest.php" line="118" class="Tests\Feature\CannedResponseTest" classname="Tests.Feature.CannedResponseTest" assertions="3" time="0.076756"/>
        <testcase name="test_index_filters_by_category" file="/var/www/html/tests/Feature/CannedResponseTest.php" line="132" class="Tests\Feature\CannedResponseTest" classname="Tests.Feature.CannedResponseTest" assertions="3" time="0.125702"/>
        <testcase name="test_index_filters_by_search" file="/var/www/html/tests/Feature/CannedResponseTest.php" line="155" class="Tests\Feature\CannedResponseTest" classname="Tests.Feature.CannedResponseTest" assertions="3" time="0.142556"/>
        <testcase name="test_list_endpoint_returns_json" file="/var/www/html/tests/Feature/CannedResponseTest.php" line="178" class="Tests\Feature\CannedResponseTest" classname="Tests.Feature.CannedResponseTest" assertions="3" time="0.079812"/>
        <testcase name="test_list_endpoint_respects_tenant_scoping" file="/var/www/html/tests/Feature/CannedResponseTest.php" line="196" class="Tests\Feature\CannedResponseTest" classname="Tests.Feature.CannedResponseTest" assertions="3" time="0.092973"/>
      </testsuite>
      <testsuite name="Tests\Feature\CategoryProductTest" file="/var/www/html/tests/Feature/CategoryProductTest.php" tests="10" assertions="18" errors="0" failures="1" skipped="0" time="0.997424">
        <testcase name="test_list_categories" file="/var/www/html/tests/Feature/CategoryProductTest.php" line="33" class="Tests\Feature\CategoryProductTest" classname="Tests.Feature.CategoryProductTest" assertions="1" time="0.170326"/>
        <testcase name="test_create_category" file="/var/www/html/tests/Feature/CategoryProductTest.php" line="40" class="Tests\Feature\CategoryProductTest" classname="Tests.Feature.CategoryProductTest" assertions="2" time="0.107647"/>
        <testcase name="test_update_category" file="/var/www/html/tests/Feature/CategoryProductTest.php" line="55" class="Tests\Feature\CategoryProductTest" classname="Tests.Feature.CategoryProductTest" assertions="2" time="0.090196">
          <failure type="PHPUnit\Framework\ExpectationFailedException">Tests\Feature\CategoryProductTest::test_update_category
Failed asserting that two strings are equal.
--- Expected
+++ Actual
@@ @@
-'Updated Category'
+'Feature Request'

/var/www/html/tests/Feature/CategoryProductTest.php:67</failure>
        </testcase>
        <testcase name="test_delete_category" file="/var/www/html/tests/Feature/CategoryProductTest.php" line="70" class="Tests\Feature\CategoryProductTest" classname="Tests.Feature.CategoryProductTest" assertions="2" time="0.089882"/>
        <testcase name="test_list_products" file="/var/www/html/tests/Feature/CategoryProductTest.php" line="80" class="Tests\Feature\CategoryProductTest" classname="Tests.Feature.CategoryProductTest" assertions="1" time="0.105221"/>
        <testcase name="test_create_product" file="/var/www/html/tests/Feature/CategoryProductTest.php" line="87" class="Tests\Feature\CategoryProductTest" classname="Tests.Feature.CategoryProductTest" assertions="2" time="0.069667"/>
        <testcase name="test_update_product" file="/var/www/html/tests/Feature/CategoryProductTest.php" line="99" class="Tests\Feature\CategoryProductTest" classname="Tests.Feature.CategoryProductTest" assertions="2" time="0.105209"/>
        <testcase name="test_delete_product" file="/var/www/html/tests/Feature/CategoryProductTest.php" line="113" class="Tests\Feature\CategoryProductTest" classname="Tests.Feature.CategoryProductTest" assertions="2" time="0.092015"/>
        <testcase name="test_public_categories_api" file="/var/www/html/tests/Feature/CategoryProductTest.php" line="123" class="Tests\Feature\CategoryProductTest" classname="Tests.Feature.CategoryProductTest" assertions="2" time="0.085247"/>
        <testcase name="test_public_products_api" file="/var/www/html/tests/Feature/CategoryProductTest.php" line="132" class="Tests\Feature\CategoryProductTest" classname="Tests.Feature.CategoryProductTest" assertions="2" time="0.082014"/>
      </testsuite>
      <testsuite name="Tests\Feature\ClientCommentTest" file="/var/www/html/tests/Feature/ClientCommentTest.php" tests="6" assertions="12" errors="0" failures="0" skipped="0" time="0.679210">
        <testcase name="test_comment_returns_403_for_starter_plan" file="/var/www/html/tests/Feature/ClientCommentTest.php" line="52" class="Tests\Feature\ClientCommentTest" classname="Tests.Feature.ClientCommentTest" assertions="1" time="0.117394"/>
        <testcase name="test_can_add_public_comment" file="/var/www/html/tests/Feature/ClientCommentTest.php" line="65" class="Tests\Feature\ClientCommentTest" classname="Tests.Feature.ClientCommentTest" assertions="2" time="0.111667"/>
        <testcase name="test_can_add_internal_comment" file="/var/www/html/tests/Feature/ClientCommentTest.php" line="86" class="Tests\Feature\ClientCommentTest" classname="Tests.Feature.ClientCommentTest" assertions="2" time="0.101646"/>
        <testcase name="test_comment_validation_requires_content" file="/var/www/html/tests/Feature/ClientCommentTest.php" line="106" class="Tests\Feature\ClientCommentTest" classname="Tests.Feature.ClientCommentTest" assertions="2" time="0.111476"/>
        <testcase name="test_can_delete_own_comment" file="/var/www/html/tests/Feature/ClientCommentTest.php" line="119" class="Tests\Feature\ClientCommentTest" classname="Tests.Feature.ClientCommentTest" assertions="2" time="0.122239"/>
        <testcase name="test_can_update_own_comment" file="/var/www/html/tests/Feature/ClientCommentTest.php" line="138" class="Tests\Feature\ClientCommentTest" classname="Tests.Feature.ClientCommentTest" assertions="3" time="0.114788"/>
      </testsuite>
      <testsuite name="Tests\Feature\ClientControllerTest" file="/var/www/html/tests/Feature/ClientControllerTest.php" tests="7" assertions="10" errors="0" failures="0" skipped="0" time="2.372208">
        <testcase name="test_list_clients" file="/var/www/html/tests/Feature/ClientControllerTest.php" line="37" class="Tests\Feature\ClientControllerTest" classname="Tests.Feature.ClientControllerTest" assertions="1" time="0.399391"/>
        <testcase name="test_create_client" file="/var/www/html/tests/Feature/ClientControllerTest.php" line="44" class="Tests\Feature\ClientControllerTest" classname="Tests.Feature.ClientControllerTest" assertions="2" time="0.305602"/>
        <testcase name="test_show_client" file="/var/www/html/tests/Feature/ClientControllerTest.php" line="59" class="Tests\Feature\ClientControllerTest" classname="Tests.Feature.ClientControllerTest" assertions="1" time="0.374588"/>
        <testcase name="test_update_client" file="/var/www/html/tests/Feature/ClientControllerTest.php" line="67" class="Tests\Feature\ClientControllerTest" classname="Tests.Feature.ClientControllerTest" assertions="2" time="0.334570"/>
        <testcase name="test_delete_client" file="/var/www/html/tests/Feature/ClientControllerTest.php" line="84" class="Tests\Feature\ClientControllerTest" classname="Tests.Feature.ClientControllerTest" assertions="1" time="0.310002"/>
        <testcase name="test_assign_agent_to_client" file="/var/www/html/tests/Feature/ClientControllerTest.php" line="92" class="Tests\Feature\ClientControllerTest" classname="Tests.Feature.ClientControllerTest" assertions="2" time="0.315221"/>
        <testcase name="test_permission_required" file="/var/www/html/tests/Feature/ClientControllerTest.php" line="109" class="Tests\Feature\ClientControllerTest" classname="Tests.Feature.ClientControllerTest" assertions="1" time="0.332835"/>
      </testsuite>
      <testsuite name="Tests\Feature\ClientPortalTest" file="/var/www/html/tests/Feature/ClientPortalTest.php" tests="11" assertions="17" errors="0" failures="2" skipped="0" time="0.880498">
        <testcase name="test_landing_page_starter_gets_404" file="/var/www/html/tests/Feature/ClientPortalTest.php" line="29" class="Tests\Feature\ClientPortalTest" classname="Tests.Feature.ClientPortalTest" assertions="1" time="0.073821">
          <failure type="PHPUnit\Framework\ExpectationFailedException">Tests\Feature\ClientPortalTest::test_landing_page_starter_gets_404
Expected response status code [404] but received 200.
Failed asserting that 200 is identical to 404.

/var/www/html/vendor/laravel/framework/src/Illuminate/Testing/TestResponseAssert.php:45
/var/www/html/vendor/laravel/framework/src/Illuminate/Testing/TestResponse.php:175
/var/www/html/vendor/laravel/framework/src/Illuminate/Testing/Concerns/AssertsStatusCodes.php:151
/var/www/html/tests/Feature/ClientPortalTest.php:33</failure>
        </testcase>
        <testcase name="test_landing_page_business_accessible" file="/var/www/html/tests/Feature/ClientPortalTest.php" line="36" class="Tests\Feature\ClientPortalTest" classname="Tests.Feature.ClientPortalTest" assertions="1" time="0.061517"/>
        <testcase name="test_submit_ticket_starter_gets_404" file="/var/www/html/tests/Feature/ClientPortalTest.php" line="43" class="Tests\Feature\ClientPortalTest" classname="Tests.Feature.ClientPortalTest" assertions="1" time="0.071160">
          <failure type="PHPUnit\Framework\ExpectationFailedException">Tests\Feature\ClientPortalTest::test_submit_ticket_starter_gets_404
Expected response status code [404] but received 200.
Failed asserting that 200 is identical to 404.

/var/www/html/vendor/laravel/framework/src/Illuminate/Testing/TestResponseAssert.php:45
/var/www/html/vendor/laravel/framework/src/Illuminate/Testing/TestResponse.php:175
/var/www/html/vendor/laravel/framework/src/Illuminate/Testing/Concerns/AssertsStatusCodes.php:151
/var/www/html/tests/Feature/ClientPortalTest.php:47</failure>
        </testcase>
        <testcase name="test_submit_ticket_form_loads" file="/var/www/html/tests/Feature/ClientPortalTest.php" line="50" class="Tests\Feature\ClientPortalTest" classname="Tests.Feature.ClientPortalTest" assertions="1" time="0.072959"/>
        <testcase name="test_submit_ticket_stores_ticket_and_client" file="/var/www/html/tests/Feature/ClientPortalTest.php" line="57" class="Tests\Feature\ClientPortalTest" classname="Tests.Feature.ClientPortalTest" assertions="3" time="0.101806"/>
        <testcase name="test_track_ticket_not_found" file="/var/www/html/tests/Feature/ClientPortalTest.php" line="77" class="Tests\Feature\ClientPortalTest" classname="Tests.Feature.ClientPortalTest" assertions="2" time="0.062154"/>
        <testcase name="test_track_ticket_found_redirects" file="/var/www/html/tests/Feature/ClientPortalTest.php" line="86" class="Tests\Feature\ClientPortalTest" classname="Tests.Feature.ClientPortalTest" assertions="2" time="0.093187"/>
        <testcase name="test_track_by_token" file="/var/www/html/tests/Feature/ClientPortalTest.php" line="101" class="Tests\Feature\ClientPortalTest" classname="Tests.Feature.ClientPortalTest" assertions="1" time="0.130941"/>
        <testcase name="test_track_invalid_token_404" file="/var/www/html/tests/Feature/ClientPortalTest.php" line="115" class="Tests\Feature\ClientPortalTest" classname="Tests.Feature.ClientPortalTest" assertions="1" time="0.061633"/>
        <testcase name="test_client_reply_enterprise_only" file="/var/www/html/tests/Feature/ClientPortalTest.php" line="122" class="Tests\Feature\ClientPortalTest" classname="Tests.Feature.ClientPortalTest" assertions="2" time="0.087978"/>
        <testcase name="test_public_api_categories" file="/var/www/html/tests/Feature/ClientPortalTest.php" line="145" class="Tests\Feature\ClientPortalTest" classname="Tests.Feature.ClientPortalTest" assertions="2" time="0.063342"/>
      </testsuite>
      <testsuite name="Tests\Feature\CustomRoleTest" file="/var/www/html/tests/Feature/CustomRoleTest.php" tests="1" assertions="1" errors="0" failures="0" skipped="0" time="0.293021">
        <testcase name="test_roles_index_returns_403_for_starter_plan" file="/var/www/html/tests/Feature/CustomRoleTest.php" line="56" class="Tests\Feature\CustomRoleTest" classname="Tests.Feature.CustomRoleTest" assertions="1" time="0.293021"/>
      </testsuite>
      <testsuite name="Tests\Feature\DashboardWidgetsTest" file="/var/www/html/tests/Feature/DashboardWidgetsTest.php" tests="11" assertions="38" errors="0" failures="0" skipped="0" time="1.294630">
        <testcase name="test_dashboard_loads_with_personalized_data" file="/var/www/html/tests/Feature/DashboardWidgetsTest.php" line="41" class="Tests\Feature\DashboardWidgetsTest" classname="Tests.Feature.DashboardWidgetsTest" assertions="7" time="0.137275"/>
        <testcase name="test_dashboard_stats_endpoint_returns_json" file="/var/www/html/tests/Feature/DashboardWidgetsTest.php" line="56" class="Tests\Feature\DashboardWidgetsTest" classname="Tests.Feature.DashboardWidgetsTest" assertions="14" time="0.082129"/>
        <testcase name="test_stats_endpoint_requires_auth" file="/var/www/html/tests/Feature/DashboardWidgetsTest.php" line="73" class="Tests\Feature\DashboardWidgetsTest" classname="Tests.Feature.DashboardWidgetsTest" assertions="1" time="0.052616"/>
        <testcase name="test_my_trend_fills_14_days" file="/var/www/html/tests/Feature/DashboardWidgetsTest.php" line="81" class="Tests\Feature\DashboardWidgetsTest" classname="Tests.Feature.DashboardWidgetsTest" assertions="1" time="0.087428"/>
        <testcase name="test_notification_recent_returns_json" file="/var/www/html/tests/Feature/DashboardWidgetsTest.php" line="92" class="Tests\Feature\DashboardWidgetsTest" classname="Tests.Feature.DashboardWidgetsTest" assertions="2" time="0.174141"/>
        <testcase name="test_mark_notification_as_read" file="/var/www/html/tests/Feature/DashboardWidgetsTest.php" line="105" class="Tests\Feature\DashboardWidgetsTest" classname="Tests.Feature.DashboardWidgetsTest" assertions="3" time="0.103513"/>
        <testcase name="test_mark_all_notifications_read" file="/var/www/html/tests/Feature/DashboardWidgetsTest.php" line="123" class="Tests\Feature\DashboardWidgetsTest" classname="Tests.Feature.DashboardWidgetsTest" assertions="3" time="0.166448"/>
        <testcase name="test_unread_count_endpoint" file="/var/www/html/tests/Feature/DashboardWidgetsTest.php" line="141" class="Tests\Feature\DashboardWidgetsTest" classname="Tests.Feature.DashboardWidgetsTest" assertions="2" time="0.119197"/>
        <testcase name="test_my_tickets_only_shows_assigned_to_user" file="/var/www/html/tests/Feature/DashboardWidgetsTest.php" line="155" class="Tests\Feature\DashboardWidgetsTest" classname="Tests.Feature.DashboardWidgetsTest" assertions="1" time="0.141574"/>
        <testcase name="test_dashboard_shows_admin_flag_for_owner" file="/var/www/html/tests/Feature/DashboardWidgetsTest.php" line="176" class="Tests\Feature\DashboardWidgetsTest" classname="Tests.Feature.DashboardWidgetsTest" assertions="2" time="0.107519"/>
        <testcase name="test_dashboard_hides_admin_flag_for_member" file="/var/www/html/tests/Feature/DashboardWidgetsTest.php" line="186" class="Tests\Feature\DashboardWidgetsTest" classname="Tests.Feature.DashboardWidgetsTest" assertions="2" time="0.122790"/>
      </testsuite>
      <testsuite name="Tests\Feature\DepartmentManagementTest" file="/var/www/html/tests/Feature/DepartmentManagementTest.php" tests="7" assertions="12" errors="0" failures="0" skipped="0" time="0.586992">
        <testcase name="test_departments_index_returns_403_for_starter_plan" file="/var/www/html/tests/Feature/DepartmentManagementTest.php" line="52" class="Tests\Feature\DepartmentManagementTest" classname="Tests.Feature.DepartmentManagementTest" assertions="1" time="0.104017"/>
        <testcase name="test_departments_index_accessible_for_enterprise_plan" file="/var/www/html/tests/Feature/DepartmentManagementTest.php" line="61" class="Tests\Feature\DepartmentManagementTest" classname="Tests.Feature.DepartmentManagementTest" assertions="1" time="0.118890"/>
        <testcase name="test_can_create_department" file="/var/www/html/tests/Feature/DepartmentManagementTest.php" line="70" class="Tests\Feature\DepartmentManagementTest" classname="Tests.Feature.DepartmentManagementTest" assertions="2" time="0.067613"/>
        <testcase name="test_can_update_department" file="/var/www/html/tests/Feature/DepartmentManagementTest.php" line="89" class="Tests\Feature\DepartmentManagementTest" classname="Tests.Feature.DepartmentManagementTest" assertions="2" time="0.074937"/>
        <testcase name="test_cannot_delete_default_department" file="/var/www/html/tests/Feature/DepartmentManagementTest.php" line="107" class="Tests\Feature\DepartmentManagementTest" classname="Tests.Feature.DepartmentManagementTest" assertions="2" time="0.067486"/>
        <testcase name="test_cannot_delete_department_with_categories" file="/var/www/html/tests/Feature/DepartmentManagementTest.php" line="123" class="Tests\Feature\DepartmentManagementTest" classname="Tests.Feature.DepartmentManagementTest" assertions="2" time="0.075969"/>
        <testcase name="test_can_delete_empty_non_default_department" file="/var/www/html/tests/Feature/DepartmentManagementTest.php" line="144" class="Tests\Feature\DepartmentManagementTest" classname="Tests.Feature.DepartmentManagementTest" assertions="2" time="0.078079"/>
      </testsuite>
      <testsuite name="Tests\Feature\DistributorTest" file="/var/www/html/tests/Feature/DistributorTest.php" tests="9" assertions="14" errors="0" failures="0" skipped="0" time="0.445109">
        <testcase name="test_distributor_can_be_created" file="/var/www/html/tests/Feature/DistributorTest.php" line="14" class="Tests\Feature\DistributorTest" classname="Tests.Feature.DistributorTest" assertions="1" time="0.056622"/>
        <testcase name="test_slug_is_auto_generated_from_name" file="/var/www/html/tests/Feature/DistributorTest.php" line="27" class="Tests\Feature\DistributorTest" classname="Tests.Feature.DistributorTest" assertions="1" time="0.041702"/>
        <testcase name="test_api_key_is_auto_generated" file="/var/www/html/tests/Feature/DistributorTest.php" line="37" class="Tests\Feature\DistributorTest" classname="Tests.Feature.DistributorTest" assertions="2" time="0.038013"/>
        <testcase name="test_api_key_can_be_set_manually" file="/var/www/html/tests/Feature/DistributorTest.php" line="48" class="Tests\Feature\DistributorTest" classname="Tests.Feature.DistributorTest" assertions="1" time="0.040067"/>
        <testcase name="test_scope_active_returns_only_active_distributors" file="/var/www/html/tests/Feature/DistributorTest.php" line="57" class="Tests\Feature\DistributorTest" classname="Tests.Feature.DistributorTest" assertions="1" time="0.056563"/>
        <testcase name="test_generate_license_creates_license_with_correct_attributes" file="/var/www/html/tests/Feature/DistributorTest.php" line="67" class="Tests\Feature\DistributorTest" classname="Tests.Feature.DistributorTest" assertions="5" time="0.048208"/>
        <testcase name="test_generate_license_uses_plan_max_users_as_default_seats" file="/var/www/html/tests/Feature/DistributorTest.php" line="84" class="Tests\Feature\DistributorTest" classname="Tests.Feature.DistributorTest" assertions="1" time="0.054920"/>
        <testcase name="test_active_licenses_returns_correct_count" file="/var/www/html/tests/Feature/DistributorTest.php" line="94" class="Tests\Feature\DistributorTest" classname="Tests.Feature.DistributorTest" assertions="1" time="0.063226"/>
        <testcase name="test_distributor_has_many_licenses" file="/var/www/html/tests/Feature/DistributorTest.php" line="108" class="Tests\Feature\DistributorTest" classname="Tests.Feature.DistributorTest" assertions="1" time="0.045790"/>
      </testsuite>
      <testsuite name="Tests\Feature\EnsureTenantSessionTest" file="/var/www/html/tests/Feature/EnsureTenantSessionTest.php" tests="12" assertions="26" errors="0" failures="1" skipped="0" time="0.790373">
        <testcase name="test_guest_is_redirected_to_login" file="/var/www/html/tests/Feature/EnsureTenantSessionTest.php" line="20" class="Tests\Feature\EnsureTenantSessionTest" classname="Tests.Feature.EnsureTenantSessionTest" assertions="2" time="0.068714"/>
        <testcase name="test_slug_resolves_tenant_and_sets_session" file="/var/www/html/tests/Feature/EnsureTenantSessionTest.php" line="29" class="Tests\Feature\EnsureTenantSessionTest" classname="Tests.Feature.EnsureTenantSessionTest" assertions="1" time="0.068525">
          <failure type="PHPUnit\Framework\ExpectationFailedException">Tests\Feature\EnsureTenantSessionTest::test_slug_resolves_tenant_and_sets_session
Expected response status code [200] but received 302.
Failed asserting that 302 is identical to 200.

/var/www/html/vendor/laravel/framework/src/Illuminate/Testing/TestResponseAssert.php:45
/var/www/html/vendor/laravel/framework/src/Illuminate/Testing/TestResponse.php:175
/var/www/html/vendor/laravel/framework/src/Illuminate/Testing/Concerns/AssertsStatusCodes.php:16
/var/www/html/tests/Feature/EnsureTenantSessionTest.php:38</failure>
        </testcase>
        <testcase name="test_user_accessing_wrong_slug_is_redirected" file="/var/www/html/tests/Feature/EnsureTenantSessionTest.php" line="42" class="Tests\Feature\EnsureTenantSessionTest" classname="Tests.Feature.EnsureTenantSessionTest" assertions="2" time="0.054491"/>
        <testcase name="test_admin_user_bypasses_tenant_middleware" file="/var/www/html/tests/Feature/EnsureTenantSessionTest.php" line="53" class="Tests\Feature\EnsureTenantSessionTest" classname="Tests.Feature.EnsureTenantSessionTest" assertions="1" time="0.090983"/>
        <testcase name="test_suspended_tenant_redirects" file="/var/www/html/tests/Feature/EnsureTenantSessionTest.php" line="64" class="Tests\Feature\EnsureTenantSessionTest" classname="Tests.Feature.EnsureTenantSessionTest" assertions="2" time="0.055129"/>
        <testcase name="test_inactive_tenant_redirects" file="/var/www/html/tests/Feature/EnsureTenantSessionTest.php" line="77" class="Tests\Feature\EnsureTenantSessionTest" classname="Tests.Feature.EnsureTenantSessionTest" assertions="2" time="0.059977"/>
        <testcase name="test_user_can_switch_tenant" file="/var/www/html/tests/Feature/EnsureTenantSessionTest.php" line="89" class="Tests\Feature\EnsureTenantSessionTest" classname="Tests.Feature.EnsureTenantSessionTest" assertions="3" time="0.056840"/>
        <testcase name="test_user_cannot_switch_to_tenant_they_dont_belong_to" file="/var/www/html/tests/Feature/EnsureTenantSessionTest.php" line="104" class="Tests\Feature\EnsureTenantSessionTest" classname="Tests.Feature.EnsureTenantSessionTest" assertions="1" time="0.061024"/>
        <testcase name="test_user_cannot_switch_to_suspended_tenant" file="/var/www/html/tests/Feature/EnsureTenantSessionTest.php" line="116" class="Tests\Feature\EnsureTenantSessionTest" classname="Tests.Feature.EnsureTenantSessionTest" assertions="3" time="0.065514"/>
        <testcase name="test_user_cannot_switch_to_inactive_tenant" file="/var/www/html/tests/Feature/EnsureTenantSessionTest.php" line="131" class="Tests\Feature\EnsureTenantSessionTest" classname="Tests.Feature.EnsureTenantSessionTest" assertions="3" time="0.066825"/>
        <testcase name="test_tenant_select_page_shows_user_tenants" file="/var/www/html/tests/Feature/EnsureTenantSessionTest.php" line="145" class="Tests\Feature\EnsureTenantSessionTest" classname="Tests.Feature.EnsureTenantSessionTest" assertions="3" time="0.072554"/>
        <testcase name="test_tenant_select_page_excludes_inactive_tenants" file="/var/www/html/tests/Feature/EnsureTenantSessionTest.php" line="160" class="Tests\Feature\EnsureTenantSessionTest" classname="Tests.Feature.EnsureTenantSessionTest" assertions="3" time="0.069797"/>
      </testsuite>
      <testsuite name="Tests\Feature\ExampleTest" file="/var/www/html/tests/Feature/ExampleTest.php" tests="1" assertions="1" errors="0" failures="1" skipped="0" time="0.055880">
        <testcase name="test_the_application_returns_a_successful_response" file="/var/www/html/tests/Feature/ExampleTest.php" line="13" class="Tests\Feature\ExampleTest" classname="Tests.Feature.ExampleTest" assertions="1" time="0.055880">
          <failure type="PHPUnit\Framework\ExpectationFailedException">Tests\Feature\ExampleTest::test_the_application_returns_a_successful_response
Expected response status code [200] but received 302.
Failed asserting that 302 is identical to 200.

/var/www/html/vendor/laravel/framework/src/Illuminate/Testing/TestResponseAssert.php:45
/var/www/html/vendor/laravel/framework/src/Illuminate/Testing/TestResponse.php:175
/var/www/html/tests/Feature/ExampleTest.php:17</failure>
        </testcase>
      </testsuite>
      <testsuite name="Tests\Feature\HealthCheckTest" file="/var/www/html/tests/Feature/HealthCheckTest.php" tests="2" assertions="3" errors="0" failures="0" skipped="0" time="0.088742">
        <testcase name="test_health_endpoint_returns_ok" file="/var/www/html/tests/Feature/HealthCheckTest.php" line="12" class="Tests\Feature\HealthCheckTest" classname="Tests.Feature.HealthCheckTest" assertions="2" time="0.046209"/>
        <testcase name="test_up_endpoint_returns_ok" file="/var/www/html/tests/Feature/HealthCheckTest.php" line="24" class="Tests\Feature\HealthCheckTest" classname="Tests.Feature.HealthCheckTest" assertions="1" time="0.042533"/>
      </testsuite>
      <testsuite name="Tests\Feature\KbPortalTest" file="/var/www/html/tests/Feature/KbPortalTest.php" tests="8" assertions="13" errors="1" failures="0" skipped="0" time="0.637786">
        <testcase name="test_portal_kb_returns_404_for_starter_tenant" file="/var/www/html/tests/Feature/KbPortalTest.php" line="39" class="Tests\Feature\KbPortalTest" classname="Tests.Feature.KbPortalTest" assertions="1" time="0.067774"/>
        <testcase name="test_portal_kb_returns_404_for_suspended_tenant" file="/var/www/html/tests/Feature/KbPortalTest.php" line="47" class="Tests\Feature\KbPortalTest" classname="Tests.Feature.KbPortalTest" assertions="1" time="0.060540"/>
        <testcase name="test_portal_kb_index_shows_categories" file="/var/www/html/tests/Feature/KbPortalTest.php" line="56" class="Tests\Feature\KbPortalTest" classname="Tests.Feature.KbPortalTest" assertions="2" time="0.085345"/>
        <testcase name="test_portal_category_shows_published_articles" file="/var/www/html/tests/Feature/KbPortalTest.php" line="75" class="Tests\Feature\KbPortalTest" classname="Tests.Feature.KbPortalTest" assertions="3" time="0.084960"/>
        <testcase name="test_portal_article_increments_views" file="/var/www/html/tests/Feature/KbPortalTest.php" line="105" class="Tests\Feature\KbPortalTest" classname="Tests.Feature.KbPortalTest" assertions="2" time="0.091696"/>
        <testcase name="test_portal_article_returns_404_for_unpublished" file="/var/www/html/tests/Feature/KbPortalTest.php" line="127" class="Tests\Feature\KbPortalTest" classname="Tests.Feature.KbPortalTest" assertions="1" time="0.085676"/>
        <testcase name="test_portal_search_returns_matching_articles" file="/var/www/html/tests/Feature/KbPortalTest.php" line="145" class="Tests\Feature\KbPortalTest" classname="Tests.Feature.KbPortalTest" assertions="3" time="0.074523"/>
        <testcase name="test_portal_search_respects_tenant_scoping" file="/var/www/html/tests/Feature/KbPortalTest.php" line="165" class="Tests\Feature\KbPortalTest" classname="Tests.Feature.KbPortalTest" assertions="0" time="0.087272">
          <error type="Illuminate\Routing\Exceptions\UrlGenerationException">Tests\Feature\KbPortalTest::test_portal_search_respects_tenant_scoping
Illuminate\Routing\Exceptions\UrlGenerationException: Missing required parameter for [Route: portal.knowledge-base.search] [URI: {slug}/kb/search] [Missing parameter: slug].

/var/www/html/vendor/laravel/framework/src/Illuminate/Routing/Exceptions/UrlGenerationException.php:35
/var/www/html/vendor/laravel/framework/src/Illuminate/Routing/RouteUrlGenerator.php:94
/var/www/html/vendor/laravel/framework/src/Illuminate/Routing/UrlGenerator.php:549
/var/www/html/vendor/laravel/framework/src/Illuminate/Routing/UrlGenerator.php:526
/var/www/html/vendor/laravel/framework/src/Illuminate/Foundation/helpers.php:870
/var/www/html/tests/Feature/KbPortalTest.php:191</error>
        </testcase>
      </testsuite>
      <testsuite name="Tests\Feature\KnowledgeBaseTest" file="/var/www/html/tests/Feature/KnowledgeBaseTest.php" tests="12" assertions="29" errors="0" failures="0" skipped="0" time="1.231076">
        <testcase name="test_categories_index_requires_auth" file="/var/www/html/tests/Feature/KnowledgeBaseTest.php" line="53" class="Tests\Feature\KnowledgeBaseTest" classname="Tests.Feature.KnowledgeBaseTest" assertions="2" time="0.073220"/>
        <testcase name="test_categories_index_returns_403_for_starter_plan" file="/var/www/html/tests/Feature/KnowledgeBaseTest.php" line="61" class="Tests\Feature\KnowledgeBaseTest" classname="Tests.Feature.KnowledgeBaseTest" assertions="1" time="0.075083"/>
        <testcase name="test_categories_index_works_for_business_plan" file="/var/www/html/tests/Feature/KnowledgeBaseTest.php" line="70" class="Tests\Feature\KnowledgeBaseTest" classname="Tests.Feature.KnowledgeBaseTest" assertions="2" time="0.132720"/>
        <testcase name="test_can_create_category" file="/var/www/html/tests/Feature/KnowledgeBaseTest.php" line="82" class="Tests\Feature\KnowledgeBaseTest" classname="Tests.Feature.KnowledgeBaseTest" assertions="2" time="0.084826"/>
        <testcase name="test_can_update_category" file="/var/www/html/tests/Feature/KnowledgeBaseTest.php" line="101" class="Tests\Feature\KnowledgeBaseTest" classname="Tests.Feature.KnowledgeBaseTest" assertions="3" time="0.096234"/>
        <testcase name="test_cannot_delete_category_with_articles" file="/var/www/html/tests/Feature/KnowledgeBaseTest.php" line="120" class="Tests\Feature\KnowledgeBaseTest" classname="Tests.Feature.KnowledgeBaseTest" assertions="3" time="0.111522"/>
        <testcase name="test_can_delete_empty_category" file="/var/www/html/tests/Feature/KnowledgeBaseTest.php" line="138" class="Tests\Feature\KnowledgeBaseTest" classname="Tests.Feature.KnowledgeBaseTest" assertions="3" time="0.086587"/>
        <testcase name="test_can_create_article" file="/var/www/html/tests/Feature/KnowledgeBaseTest.php" line="152" class="Tests\Feature\KnowledgeBaseTest" classname="Tests.Feature.KnowledgeBaseTest" assertions="3" time="0.097196"/>
        <testcase name="test_publishing_sets_published_at" file="/var/www/html/tests/Feature/KnowledgeBaseTest.php" line="179" class="Tests\Feature\KnowledgeBaseTest" classname="Tests.Feature.KnowledgeBaseTest" assertions="3" time="0.113715"/>
        <testcase name="test_search_returns_published_articles" file="/var/www/html/tests/Feature/KnowledgeBaseTest.php" line="202" class="Tests\Feature\KnowledgeBaseTest" classname="Tests.Feature.KnowledgeBaseTest" assertions="3" time="0.096558"/>
        <testcase name="test_search_returns_empty_for_short_query" file="/var/www/html/tests/Feature/KnowledgeBaseTest.php" line="228" class="Tests\Feature\KnowledgeBaseTest" classname="Tests.Feature.KnowledgeBaseTest" assertions="2" time="0.085580"/>
        <testcase name="test_article_show_increments_views" file="/var/www/html/tests/Feature/KnowledgeBaseTest.php" line="238" class="Tests\Feature\KnowledgeBaseTest" classname="Tests.Feature.KnowledgeBaseTest" assertions="2" time="0.177836"/>
      </testsuite>
      <testsuite name="Tests\Feature\LicenseTest" file="/var/www/html/tests/Feature/LicenseTest.php" tests="23" assertions="28" errors="0" failures="0" skipped="0" time="1.391567">
        <testcase name="test_license_can_be_created" file="/var/www/html/tests/Feature/LicenseTest.php" line="16" class="Tests\Feature\LicenseTest" classname="Tests.Feature.LicenseTest" assertions="1" time="0.109750"/>
        <testcase name="test_license_key_is_auto_generated" file="/var/www/html/tests/Feature/LicenseTest.php" line="25" class="Tests\Feature\LicenseTest" classname="Tests.Feature.LicenseTest" assertions="2" time="0.047848"/>
        <testcase name="test_generate_key_creates_correct_format" file="/var/www/html/tests/Feature/LicenseTest.php" line="42" class="Tests\Feature\LicenseTest" classname="Tests.Feature.LicenseTest" assertions="1" time="0.032395"/>
        <testcase name="test_license_belongs_to_distributor" file="/var/www/html/tests/Feature/LicenseTest.php" line="49" class="Tests\Feature\LicenseTest" classname="Tests.Feature.LicenseTest" assertions="1" time="0.053463"/>
        <testcase name="test_license_belongs_to_plan" file="/var/www/html/tests/Feature/LicenseTest.php" line="56" class="Tests\Feature\LicenseTest" classname="Tests.Feature.LicenseTest" assertions="1" time="0.060151"/>
        <testcase name="test_activate_links_license_to_tenant" file="/var/www/html/tests/Feature/LicenseTest.php" line="63" class="Tests\Feature\LicenseTest" classname="Tests.Feature.LicenseTest" assertions="5" time="0.057269"/>
        <testcase name="test_activate_fails_if_license_not_pending" file="/var/www/html/tests/Feature/LicenseTest.php" line="77" class="Tests\Feature\LicenseTest" classname="Tests.Feature.LicenseTest" assertions="1" time="0.049125"/>
        <testcase name="test_revoke_sets_status_to_revoked" file="/var/www/html/tests/Feature/LicenseTest.php" line="87" class="Tests\Feature\LicenseTest" classname="Tests.Feature.LicenseTest" assertions="1" time="0.054601"/>
        <testcase name="test_is_valid_returns_true_for_active_non_expired_license" file="/var/www/html/tests/Feature/LicenseTest.php" line="96" class="Tests\Feature\LicenseTest" classname="Tests.Feature.LicenseTest" assertions="1" time="0.057004"/>
        <testcase name="test_is_valid_returns_false_for_fully_expired_license" file="/var/www/html/tests/Feature/LicenseTest.php" line="105" class="Tests\Feature\LicenseTest" classname="Tests.Feature.LicenseTest" assertions="1" time="0.054904"/>
        <testcase name="test_is_expired_returns_true_when_past_expires_at" file="/var/www/html/tests/Feature/LicenseTest.php" line="112" class="Tests\Feature\LicenseTest" classname="Tests.Feature.LicenseTest" assertions="1" time="0.054958"/>
        <testcase name="test_is_expired_returns_false_when_before_expires_at" file="/var/www/html/tests/Feature/LicenseTest.php" line="121" class="Tests\Feature\LicenseTest" classname="Tests.Feature.LicenseTest" assertions="1" time="0.062842"/>
        <testcase name="test_is_in_grace_period_returns_true_when_expired_but_within_grace_days" file="/var/www/html/tests/Feature/LicenseTest.php" line="130" class="Tests\Feature\LicenseTest" classname="Tests.Feature.LicenseTest" assertions="1" time="0.063652"/>
        <testcase name="test_is_in_grace_period_returns_false_when_not_expired" file="/var/www/html/tests/Feature/LicenseTest.php" line="137" class="Tests\Feature\LicenseTest" classname="Tests.Feature.LicenseTest" assertions="1" time="0.065039"/>
        <testcase name="test_is_fully_expired_returns_true_when_past_grace_period" file="/var/www/html/tests/Feature/LicenseTest.php" line="146" class="Tests\Feature\LicenseTest" classname="Tests.Feature.LicenseTest" assertions="1" time="0.055600"/>
        <testcase name="test_is_fully_expired_returns_false_when_in_grace_period" file="/var/www/html/tests/Feature/LicenseTest.php" line="153" class="Tests\Feature\LicenseTest" classname="Tests.Feature.LicenseTest" assertions="1" time="0.056777"/>
        <testcase name="test_grace_period_ends_at_returns_correct_date" file="/var/www/html/tests/Feature/LicenseTest.php" line="160" class="Tests\Feature\LicenseTest" classname="Tests.Feature.LicenseTest" assertions="1" time="0.049915"/>
        <testcase name="test_days_until_expiry_returns_correct_count" file="/var/www/html/tests/Feature/LicenseTest.php" line="173" class="Tests\Feature\LicenseTest" classname="Tests.Feature.LicenseTest" assertions="1" time="0.054289"/>
        <testcase name="test_days_until_expiry_returns_zero_when_expired" file="/var/www/html/tests/Feature/LicenseTest.php" line="183" class="Tests\Feature\LicenseTest" classname="Tests.Feature.LicenseTest" assertions="1" time="0.052222"/>
        <testcase name="test_change_plan_updates_plan_id" file="/var/www/html/tests/Feature/LicenseTest.php" line="192" class="Tests\Feature\LicenseTest" classname="Tests.Feature.LicenseTest" assertions="1" time="0.062069"/>
        <testcase name="test_scope_pending_returns_only_pending_licenses" file="/var/www/html/tests/Feature/LicenseTest.php" line="203" class="Tests\Feature\LicenseTest" classname="Tests.Feature.LicenseTest" assertions="1" time="0.068902"/>
        <testcase name="test_scope_active_returns_only_active_licenses" file="/var/www/html/tests/Feature/LicenseTest.php" line="213" class="Tests\Feature\LicenseTest" classname="Tests.Feature.LicenseTest" assertions="1" time="0.096743"/>
        <testcase name="test_scope_expired_returns_only_expired_licenses" file="/var/www/html/tests/Feature/LicenseTest.php" line="223" class="Tests\Feature\LicenseTest" classname="Tests.Feature.LicenseTest" assertions="1" time="0.072046"/>
      </testsuite>
      <testsuite name="Tests\Feature\MemberControllerTest" file="/var/www/html/tests/Feature/MemberControllerTest.php" tests="8" assertions="0" errors="8" failures="0" skipped="0" time="0.355614">
        <testcase name="test_list_members" file="/var/www/html/tests/Feature/MemberControllerTest.php" line="36" class="Tests\Feature\MemberControllerTest" classname="Tests.Feature.MemberControllerTest" assertions="0" time="0.069611">
          <error type="Illuminate\Database\QueryException">Tests\Feature\MemberControllerTest::test_list_members
Illuminate\Database\QueryException: SQLSTATE[42S22]: Column not found: 1054 Unknown column 'seats' in 'field list' (Connection: mysql, Host: mysql, Port: 3306, Database: ticketing_test, SQL: insert into `plans` (`name`, `slug`, `description`, `max_users`, `max_tickets_per_month`, `is_active`, `features`, `seats`, `updated_at`, `created_at`) values (Saepe, business, Quas id est molestias eos provident nesciunt autem., 44, 713, 1, ["audit_logs","billing","spam_management","service_reports","attachments","agent_schedule","sla_management","sla_report","email_notifications","detailed_reporting"], 25, 2026-05-05 02:06:35, 2026-05-05 02:06:35))

/var/www/html/vendor/laravel/framework/src/Illuminate/Database/Connection.php:838
/var/www/html/vendor/laravel/framework/src/Illuminate/Database/Connection.php:794
/var/www/html/vendor/laravel/framework/src/Illuminate/Database/MySqlConnection.php:42
/var/www/html/vendor/laravel/framework/src/Illuminate/Database/Query/Processors/MySqlProcessor.php:35
/var/www/html/vendor/laravel/framework/src/Illuminate/Database/Query/Builder.php:4170
/var/www/html/vendor/laravel/framework/src/Illuminate/Database/Eloquent/Builder.php:2237
/var/www/html/vendor/laravel/framework/src/Illuminate/Database/Eloquent/Model.php:1436
/var/www/html/vendor/laravel/framework/src/Illuminate/Database/Eloquent/Model.php:1401
/var/www/html/vendor/laravel/framework/src/Illuminate/Database/Eloquent/Model.php:1240
/var/www/html/vendor/laravel/framework/src/Illuminate/Database/Eloquent/Factories/Factory.php:370
/var/www/html/vendor/laravel/framework/src/Illuminate/Collections/Traits/EnumeratesValues.php:275
/var/www/html/vendor/laravel/framework/src/Illuminate/Database/Eloquent/Factories/Factory.php:365
/var/www/html/vendor/laravel/framework/src/Illuminate/Database/Eloquent/Factories/Factory.php:321
/var/www/html/vendor/laravel/framework/src/Illuminate/Database/Eloquent/Factories/Factory.php:315
/var/www/html/tests/Feature/MemberControllerTest.php:20
/var/www/html/tests/Feature/MemberControllerTest.php:38</error>
        </testcase>
        <testcase name="test_create_member" file="/var/www/html/tests/Feature/MemberControllerTest.php" line="43" class="Tests\Feature\MemberControllerTest" classname="Tests.Feature.MemberControllerTest" assertions="0" time="0.037265">
          <error type="Illuminate\Database\QueryException">Tests\Feature\MemberControllerTest::test_create_member
Illuminate\Database\QueryException: SQLSTATE[42S22]: Column not found: 1054 Unknown column 'seats' in 'field list' (Connection: mysql, Host: mysql, Port: 3306, Database: ticketing_test, SQL: insert into `plans` (`name`, `slug`, `description`, `max_users`, `max_tickets_per_month`, `is_active`, `features`, `seats`, `updated_at`, `created_at`) values (Voluptatibus, business, Rerum nihil soluta voluptate dolore et., 29, 578, 1, ["audit_logs","billing","spam_management","service_reports","attachments","agent_schedule","sla_management","sla_report","email_notifications","detailed_reporting"], 25, 2026-05-05 02:06:35, 2026-05-05 02:06:35))

/var/www/html/vendor/laravel/framework/src/Illuminate/Database/Connection.php:838
/var/www/html/vendor/laravel/framework/src/Illuminate/Database/Connection.php:794
/var/www/html/vendor/laravel/framework/src/Illuminate/Database/MySqlConnection.php:42
/var/www/html/vendor/laravel/framework/src/Illuminate/Database/Query/Processors/MySqlProcessor.php:35
/var/www/html/vendor/laravel/framework/src/Illuminate/Database/Query/Builder.php:4170
/var/www/html/vendor/laravel/framework/src/Illuminate/Database/Eloquent/Builder.php:2237
/var/www/html/vendor/laravel/framework/src/Illuminate/Database/Eloquent/Model.php:1436
/var/www/html/vendor/laravel/framework/src/Illuminate/Database/Eloquent/Model.php:1401
/var/www/html/vendor/laravel/framework/src/Illuminate/Database/Eloquent/Model.php:1240
/var/www/html/vendor/laravel/framework/src/Illuminate/Database/Eloquent/Factories/Factory.php:370
/var/www/html/vendor/laravel/framework/src/Illuminate/Collections/Traits/EnumeratesValues.php:275
/var/www/html/vendor/laravel/framework/src/Illuminate/Database/Eloquent/Factories/Factory.php:365
/var/www/html/vendor/laravel/framework/src/Illuminate/Database/Eloquent/Factories/Factory.php:321
/var/www/html/vendor/laravel/framework/src/Illuminate/Database/Eloquent/Factories/Factory.php:315
/var/www/html/tests/Feature/MemberControllerTest.php:20
/var/www/html/tests/Feature/MemberControllerTest.php:45</error>
        </testcase>
        <testcase name="test_show_member_with_performance" file="/var/www/html/tests/Feature/MemberControllerTest.php" line="58" class="Tests\Feature\MemberControllerTest" classname="Tests.Feature.MemberControllerTest" assertions="0" time="0.034839">
          <error type="Illuminate\Database\QueryException">Tests\Feature\MemberControllerTest::test_show_member_with_performance
Illuminate\Database\QueryException: SQLSTATE[42S22]: Column not found: 1054 Unknown column 'seats' in 'field list' (Connection: mysql, Host: mysql, Port: 3306, Database: ticketing_test, SQL: insert into `plans` (`name`, `slug`, `description`, `max_users`, `max_tickets_per_month`, `is_active`, `features`, `seats`, `updated_at`, `created_at`) values (Ullam, business, Atque corporis aspernatur eos eum ipsam facilis ut consequuntur., 49, 224, 1, ["audit_logs","billing","spam_management","service_reports","attachments","agent_schedule","sla_management","sla_report","email_notifications","detailed_reporting"], 25, 2026-05-05 02:06:35, 2026-05-05 02:06:35))

/var/www/html/vendor/laravel/framework/src/Illuminate/Database/Connection.php:838
/var/www/html/vendor/laravel/framework/src/Illuminate/Database/Connection.php:794
/var/www/html/vendor/laravel/framework/src/Illuminate/Database/MySqlConnection.php:42
/var/www/html/vendor/laravel/framework/src/Illuminate/Database/Query/Processors/MySqlProcessor.php:35
/var/www/html/vendor/laravel/framework/src/Illuminate/Database/Query/Builder.php:4170
/var/www/html/vendor/laravel/framework/src/Illuminate/Database/Eloquent/Builder.php:2237
/var/www/html/vendor/laravel/framework/src/Illuminate/Database/Eloquent/Model.php:1436
/var/www/html/vendor/laravel/framework/src/Illuminate/Database/Eloquent/Model.php:1401
/var/www/html/vendor/laravel/framework/src/Illuminate/Database/Eloquent/Model.php:1240
/var/www/html/vendor/laravel/framework/src/Illuminate/Database/Eloquent/Factories/Factory.php:370
/var/www/html/vendor/laravel/framework/src/Illuminate/Collections/Traits/EnumeratesValues.php:275
/var/www/html/vendor/laravel/framework/src/Illuminate/Database/Eloquent/Factories/Factory.php:365
/var/www/html/vendor/laravel/framework/src/Illuminate/Database/Eloquent/Factories/Factory.php:321
/var/www/html/vendor/laravel/framework/src/Illuminate/Database/Eloquent/Factories/Factory.php:315
/var/www/html/tests/Feature/MemberControllerTest.php:20
/var/www/html/tests/Feature/MemberControllerTest.php:60</error>
        </testcase>
        <testcase name="test_update_member" file="/var/www/html/tests/Feature/MemberControllerTest.php" line="67" class="Tests\Feature\MemberControllerTest" classname="Tests.Feature.MemberControllerTest" assertions="0" time="0.036611">
          <error type="Illuminate\Database\QueryException">Tests\Feature\MemberControllerTest::test_update_member
Illuminate\Database\QueryException: SQLSTATE[42S22]: Column not found: 1054 Unknown column 'seats' in 'field list' (Connection: mysql, Host: mysql, Port: 3306, Database: ticketing_test, SQL: insert into `plans` (`name`, `slug`, `description`, `max_users`, `max_tickets_per_month`, `is_active`, `features`, `seats`, `updated_at`, `created_at`) values (A, business, Nostrum ea ut rerum voluptatem., 20, 929, 1, ["audit_logs","billing","spam_management","service_reports","attachments","agent_schedule","sla_management","sla_report","email_notifications","detailed_reporting"], 25, 2026-05-05 02:06:35, 2026-05-05 02:06:35))

/var/www/html/vendor/laravel/framework/src/Illuminate/Database/Connection.php:838
/var/www/html/vendor/laravel/framework/src/Illuminate/Database/Connection.php:794
/var/www/html/vendor/laravel/framework/src/Illuminate/Database/MySqlConnection.php:42
/var/www/html/vendor/laravel/framework/src/Illuminate/Database/Query/Processors/MySqlProcessor.php:35
/var/www/html/vendor/laravel/framework/src/Illuminate/Database/Query/Builder.php:4170
/var/www/html/vendor/laravel/framework/src/Illuminate/Database/Eloquent/Builder.php:2237
/var/www/html/vendor/laravel/framework/src/Illuminate/Database/Eloquent/Model.php:1436
/var/www/html/vendor/laravel/framework/src/Illuminate/Database/Eloquent/Model.php:1401
/var/www/html/vendor/laravel/framework/src/Illuminate/Database/Eloquent/Model.php:1240
/var/www/html/vendor/laravel/framework/src/Illuminate/Database/Eloquent/Factories/Factory.php:370
/var/www/html/vendor/laravel/framework/src/Illuminate/Collections/Traits/EnumeratesValues.php:275
/var/www/html/vendor/laravel/framework/src/Illuminate/Database/Eloquent/Factories/Factory.php:365
/var/www/html/vendor/laravel/framework/src/Illuminate/Database/Eloquent/Factories/Factory.php:321
/var/www/html/vendor/laravel/framework/src/Illuminate/Database/Eloquent/Factories/Factory.php:315
/var/www/html/tests/Feature/MemberControllerTest.php:20
/var/www/html/tests/Feature/MemberControllerTest.php:69</error>
        </testcase>
        <testcase name="test_cannot_delete_self" file="/var/www/html/tests/Feature/MemberControllerTest.php" line="86" class="Tests\Feature\MemberControllerTest" classname="Tests.Feature.MemberControllerTest" assertions="0" time="0.051402">
          <error type="Illuminate\Database\QueryException">Tests\Feature\MemberControllerTest::test_cannot_delete_self
Illuminate\Database\QueryException: SQLSTATE[42S22]: Column not found: 1054 Unknown column 'seats' in 'field list' (Connection: mysql, Host: mysql, Port: 3306, Database: ticketing_test, SQL: insert into `plans` (`name`, `slug`, `description`, `max_users`, `max_tickets_per_month`, `is_active`, `features`, `seats`, `updated_at`, `created_at`) values (Tenetur, business, Repudiandae voluptatem rerum quidem sint aliquid labore., 21, 467, 1, ["audit_logs","billing","spam_management","service_reports","attachments","agent_schedule","sla_management","sla_report","email_notifications","detailed_reporting"], 25, 2026-05-05 02:06:35, 2026-05-05 02:06:35))

/var/www/html/vendor/laravel/framework/src/Illuminate/Database/Connection.php:838
/var/www/html/vendor/laravel/framework/src/Illuminate/Database/Connection.php:794
/var/www/html/vendor/laravel/framework/src/Illuminate/Database/MySqlConnection.php:42
/var/www/html/vendor/laravel/framework/src/Illuminate/Database/Query/Processors/MySqlProcessor.php:35
/var/www/html/vendor/laravel/framework/src/Illuminate/Database/Query/Builder.php:4170
/var/www/html/vendor/laravel/framework/src/Illuminate/Database/Eloquent/Builder.php:2237
/var/www/html/vendor/laravel/framework/src/Illuminate/Database/Eloquent/Model.php:1436
/var/www/html/vendor/laravel/framework/src/Illuminate/Database/Eloquent/Model.php:1401
/var/www/html/vendor/laravel/framework/src/Illuminate/Database/Eloquent/Model.php:1240
/var/www/html/vendor/laravel/framework/src/Illuminate/Database/Eloquent/Factories/Factory.php:370
/var/www/html/vendor/laravel/framework/src/Illuminate/Collections/Traits/EnumeratesValues.php:275
/var/www/html/vendor/laravel/framework/src/Illuminate/Database/Eloquent/Factories/Factory.php:365
/var/www/html/vendor/laravel/framework/src/Illuminate/Database/Eloquent/Factories/Factory.php:321
/var/www/html/vendor/laravel/framework/src/Illuminate/Database/Eloquent/Factories/Factory.php:315
/var/www/html/tests/Feature/MemberControllerTest.php:20
/var/www/html/tests/Feature/MemberControllerTest.php:88</error>
        </testcase>
        <testcase name="test_cannot_delete_owner" file="/var/www/html/tests/Feature/MemberControllerTest.php" line="95" class="Tests\Feature\MemberControllerTest" classname="Tests.Feature.MemberControllerTest" assertions="0" time="0.048577">
          <error type="Illuminate\Database\QueryException">Tests\Feature\MemberControllerTest::test_cannot_delete_owner
Illuminate\Database\QueryException: SQLSTATE[42S22]: Column not found: 1054 Unknown column 'seats' in 'field list' (Connection: mysql, Host: mysql, Port: 3306, Database: ticketing_test, SQL: insert into `plans` (`name`, `slug`, `description`, `max_users`, `max_tickets_per_month`, `is_active`, `features`, `seats`, `updated_at`, `created_at`) values (Qui, business, Quo et sit doloremque adipisci labore eum., 43, 491, 1, ["audit_logs","billing","spam_management","service_reports","attachments","agent_schedule","sla_management","sla_report","email_notifications","detailed_reporting"], 25, 2026-05-05 02:06:35, 2026-05-05 02:06:35))

/var/www/html/vendor/laravel/framework/src/Illuminate/Database/Connection.php:838
/var/www/html/vendor/laravel/framework/src/Illuminate/Database/Connection.php:794
/var/www/html/vendor/laravel/framework/src/Illuminate/Database/MySqlConnection.php:42
/var/www/html/vendor/laravel/framework/src/Illuminate/Database/Query/Processors/MySqlProcessor.php:35
/var/www/html/vendor/laravel/framework/src/Illuminate/Database/Query/Builder.php:4170
/var/www/html/vendor/laravel/framework/src/Illuminate/Database/Eloquent/Builder.php:2237
/var/www/html/vendor/laravel/framework/src/Illuminate/Database/Eloquent/Model.php:1436
/var/www/html/vendor/laravel/framework/src/Illuminate/Database/Eloquent/Model.php:1401
/var/www/html/vendor/laravel/framework/src/Illuminate/Database/Eloquent/Model.php:1240
/var/www/html/vendor/laravel/framework/src/Illuminate/Database/Eloquent/Factories/Factory.php:370
/var/www/html/vendor/laravel/framework/src/Illuminate/Collections/Traits/EnumeratesValues.php:275
/var/www/html/vendor/laravel/framework/src/Illuminate/Database/Eloquent/Factories/Factory.php:365
/var/www/html/vendor/laravel/framework/src/Illuminate/Database/Eloquent/Factories/Factory.php:321
/var/www/html/vendor/laravel/framework/src/Illuminate/Database/Eloquent/Factories/Factory.php:315
/var/www/html/tests/Feature/MemberControllerTest.php:20
/var/www/html/tests/Feature/MemberControllerTest.php:97</error>
        </testcase>
        <testcase name="test_delete_member" file="/var/www/html/tests/Feature/MemberControllerTest.php" line="111" class="Tests\Feature\MemberControllerTest" classname="Tests.Feature.MemberControllerTest" assertions="0" time="0.036856">
          <error type="Illuminate\Database\QueryException">Tests\Feature\MemberControllerTest::test_delete_member
Illuminate\Database\QueryException: SQLSTATE[42S22]: Column not found: 1054 Unknown column 'seats' in 'field list' (Connection: mysql, Host: mysql, Port: 3306, Database: ticketing_test, SQL: insert into `plans` (`name`, `slug`, `description`, `max_users`, `max_tickets_per_month`, `is_active`, `features`, `seats`, `updated_at`, `created_at`) values (Fugiat, business, Et dicta totam et voluptas., 19, 679, 1, ["audit_logs","billing","spam_management","service_reports","attachments","agent_schedule","sla_management","sla_report","email_notifications","detailed_reporting"], 25, 2026-05-05 02:06:36, 2026-05-05 02:06:36))

/var/www/html/vendor/laravel/framework/src/Illuminate/Database/Connection.php:838
/var/www/html/vendor/laravel/framework/src/Illuminate/Database/Connection.php:794
/var/www/html/vendor/laravel/framework/src/Illuminate/Database/MySqlConnection.php:42
/var/www/html/vendor/laravel/framework/src/Illuminate/Database/Query/Processors/MySqlProcessor.php:35
/var/www/html/vendor/laravel/framework/src/Illuminate/Database/Query/Builder.php:4170
/var/www/html/vendor/laravel/framework/src/Illuminate/Database/Eloquent/Builder.php:2237
/var/www/html/vendor/laravel/framework/src/Illuminate/Database/Eloquent/Model.php:1436
/var/www/html/vendor/laravel/framework/src/Illuminate/Database/Eloquent/Model.php:1401
/var/www/html/vendor/laravel/framework/src/Illuminate/Database/Eloquent/Model.php:1240
/var/www/html/vendor/laravel/framework/src/Illuminate/Database/Eloquent/Factories/Factory.php:370
/var/www/html/vendor/laravel/framework/src/Illuminate/Collections/Traits/EnumeratesValues.php:275
/var/www/html/vendor/laravel/framework/src/Illuminate/Database/Eloquent/Factories/Factory.php:365
/var/www/html/vendor/laravel/framework/src/Illuminate/Database/Eloquent/Factories/Factory.php:321
/var/www/html/vendor/laravel/framework/src/Illuminate/Database/Eloquent/Factories/Factory.php:315
/var/www/html/tests/Feature/MemberControllerTest.php:20
/var/www/html/tests/Feature/MemberControllerTest.php:113</error>
        </testcase>
        <testcase name="test_agent_cannot_manage_users" file="/var/www/html/tests/Feature/MemberControllerTest.php" line="120" class="Tests\Feature\MemberControllerTest" classname="Tests.Feature.MemberControllerTest" assertions="0" time="0.040453">
          <error type="Illuminate\Database\QueryException">Tests\Feature\MemberControllerTest::test_agent_cannot_manage_users
Illuminate\Database\QueryException: SQLSTATE[42S22]: Column not found: 1054 Unknown column 'seats' in 'field list' (Connection: mysql, Host: mysql, Port: 3306, Database: ticketing_test, SQL: insert into `plans` (`name`, `slug`, `description`, `max_users`, `max_tickets_per_month`, `is_active`, `features`, `seats`, `updated_at`, `created_at`) values (Minus, biz3, Expedita amet praesentium molestiae et non illo maiores., 9, 463, 1, ["audit_logs","billing","spam_management","service_reports","attachments","agent_schedule","sla_management","sla_report","email_notifications","detailed_reporting"], 25, 2026-05-05 02:06:36, 2026-05-05 02:06:36))

/var/www/html/vendor/laravel/framework/src/Illuminate/Database/Connection.php:838
/var/www/html/vendor/laravel/framework/src/Illuminate/Database/Connection.php:794
/var/www/html/vendor/laravel/framework/src/Illuminate/Database/MySqlConnection.php:42
/var/www/html/vendor/laravel/framework/src/Illuminate/Database/Query/Processors/MySqlProcessor.php:35
/var/www/html/vendor/laravel/framework/src/Illuminate/Database/Query/Builder.php:4170
/var/www/html/vendor/laravel/framework/src/Illuminate/Database/Eloquent/Builder.php:2237
/var/www/html/vendor/laravel/framework/src/Illuminate/Database/Eloquent/Model.php:1436
/var/www/html/vendor/laravel/framework/src/Illuminate/Database/Eloquent/Model.php:1401
/var/www/html/vendor/laravel/framework/src/Illuminate/Database/Eloquent/Model.php:1240
/var/www/html/vendor/laravel/framework/src/Illuminate/Database/Eloquent/Factories/Factory.php:370
/var/www/html/vendor/laravel/framework/src/Illuminate/Collections/Traits/EnumeratesValues.php:275
/var/www/html/vendor/laravel/framework/src/Illuminate/Database/Eloquent/Factories/Factory.php:365
/var/www/html/vendor/laravel/framework/src/Illuminate/Database/Eloquent/Factories/Factory.php:321
[...]
Expected response status code [403] but received 404.
Failed asserting that 404 is identical to 403.

/var/www/html/vendor/laravel/framework/src/Illuminate/Testing/TestResponseAssert.php:45
/var/www/html/vendor/laravel/framework/src/Illuminate/Testing/TestResponse.php:175
/var/www/html/vendor/laravel/framework/src/Illuminate/Testing/Concerns/AssertsStatusCodes.php:141
/var/www/html/tests/Feature/TicketControllerTest.php:229</failure>
        </testcase>
        <testcase name="test_agent_cannot_delete_tickets" file="/var/www/html/tests/Feature/TicketControllerTest.php" line="232" class="Tests\Feature\TicketControllerTest" classname="Tests.Feature.TicketControllerTest" assertions="1" time="0.367171"/>
      </testsuite>
      <testsuite name="Tests\Feature\TicketMergingTest" file="/var/www/html/tests/Feature/TicketMergingTest.php" tests="4" assertions="4" errors="0" failures="3" skipped="0" time="0.584280">
        <testcase name="test_merge_returns_403_for_starter_plan" file="/var/www/html/tests/Feature/TicketMergingTest.php" line="51" class="Tests\Feature\TicketMergingTest" classname="Tests.Feature.TicketMergingTest" assertions="1" time="0.168064"/>
        <testcase name="test_can_merge_ticket_into_another" file="/var/www/html/tests/Feature/TicketMergingTest.php" line="64" class="Tests\Feature\TicketMergingTest" classname="Tests.Feature.TicketMergingTest" assertions="1" time="0.158901">
          <failure type="PHPUnit\Framework\ExpectationFailedException">Tests\Feature\TicketMergingTest::test_can_merge_ticket_into_another
Expected response status code [201, 301, 302, 303, 307, 308] but received 403.
Failed asserting that false is true.

/var/www/html/vendor/laravel/framework/src/Illuminate/Testing/TestResponseAssert.php:45
/var/www/html/vendor/laravel/framework/src/Illuminate/Testing/TestResponse.php:200
/var/www/html/tests/Feature/TicketMergingTest.php:74</failure>
        </testcase>
        <testcase name="test_merge_requires_valid_target" file="/var/www/html/tests/Feature/TicketMergingTest.php" line="82" class="Tests\Feature\TicketMergingTest" classname="Tests.Feature.TicketMergingTest" assertions="1" time="0.117734">
          <failure type="PHPUnit\Framework\ExpectationFailedException">Tests\Feature\TicketMergingTest::test_merge_requires_valid_target
Session is missing expected key [errors].
Failed asserting that false is true.

/var/www/html/vendor/laravel/framework/src/Illuminate/Testing/TestResponseAssert.php:45
/var/www/html/vendor/laravel/framework/src/Illuminate/Testing/TestResponse.php:1547
/var/www/html/vendor/laravel/framework/src/Illuminate/Testing/TestResponse.php:1634
/var/www/html/tests/Feature/TicketMergingTest.php:91</failure>
        </testcase>
        <testcase name="test_cannot_merge_into_nonexistent_ticket" file="/var/www/html/tests/Feature/TicketMergingTest.php" line="94" class="Tests\Feature\TicketMergingTest" classname="Tests.Feature.TicketMergingTest" assertions="1" time="0.139581">
          <failure type="PHPUnit\Framework\ExpectationFailedException">Tests\Feature\TicketMergingTest::test_cannot_merge_into_nonexistent_ticket
Session is missing expected key [errors].
Failed asserting that false is true.

/var/www/html/vendor/laravel/framework/src/Illuminate/Testing/TestResponseAssert.php:45
/var/www/html/vendor/laravel/framework/src/Illuminate/Testing/TestResponse.php:1547
/var/www/html/vendor/laravel/framework/src/Illuminate/Testing/TestResponse.php:1634
/var/www/html/tests/Feature/TicketMergingTest.php:103</failure>
        </testcase>
      </testsuite>
      <testsuite name="Tests\Feature\TicketNotificationTest" file="/var/www/html/tests/Feature/TicketNotificationTest.php" tests="8" assertions="4" errors="5" failures="0" skipped="0" time="0.846937">
        <testcase name="test_ticket_created_notification_sent_to_client_user_on_business_plan" file="/var/www/html/tests/Feature/TicketNotificationTest.php" line="75" class="Tests\Feature\TicketNotificationTest" classname="Tests.Feature.TicketNotificationTest" assertions="0" time="0.089668">
          <error type="InvalidArgumentException">Tests\Feature\TicketNotificationTest::test_ticket_created_notification_sent_to_client_user_on_business_plan
InvalidArgumentException: Cannot set priority to 'medium' for basic clients: no SLA policy defined. Create or seed SLA policies under Settings → SLA first.

/var/www/html/app/Services/TicketService.php:48
/var/www/html/app/Services/TicketService.php:128
/var/www/html/tests/Feature/TicketNotificationTest.php:86</error>
        </testcase>
        <testcase name="test_ticket_created_notification_sent_on_demand_for_guest_client" file="/var/www/html/tests/Feature/TicketNotificationTest.php" line="99" class="Tests\Feature\TicketNotificationTest" classname="Tests.Feature.TicketNotificationTest" assertions="0" time="0.087040">
          <error type="InvalidArgumentException">Tests\Feature\TicketNotificationTest::test_ticket_created_notification_sent_on_demand_for_guest_client
InvalidArgumentException: Cannot set priority to 'low' for basic clients: no SLA policy defined. Create or seed SLA policies under Settings → SLA first.

/var/www/html/app/Services/TicketService.php:48
/var/www/html/app/Services/TicketService.php:128
/var/www/html/tests/Feature/TicketNotificationTest.php:109</error>
        </testcase>
        <testcase name="test_ticket_created_notification_not_sent_on_starter_plan" file="/var/www/html/tests/Feature/TicketNotificationTest.php" line="124" class="Tests\Feature\TicketNotificationTest" classname="Tests.Feature.TicketNotificationTest" assertions="1" time="0.114257"/>
        <testcase name="test_ticket_assigned_notification_sent_to_agent_on_business_plan" file="/var/www/html/tests/Feature/TicketNotificationTest.php" line="147" class="Tests\Feature\TicketNotificationTest" classname="Tests.Feature.TicketNotificationTest" assertions="0" time="0.109839">
          <error type="InvalidArgumentException">Tests\Feature\TicketNotificationTest::test_ticket_assigned_notification_sent_to_agent_on_business_plan
InvalidArgumentException: Cannot set priority to 'high' for enterprise clients: no SLA policy defined. Create or seed SLA policies under Settings → SLA first.

/var/www/html/app/Services/TicketService.php:48
/var/www/html/app/Services/TicketService.php:128
/var/www/html/tests/Feature/TicketNotificationTest.php:160</error>
        </testcase>
        <testcase name="test_ticket_assigned_notification_not_sent_on_starter_plan" file="/var/www/html/tests/Feature/TicketNotificationTest.php" line="177" class="Tests\Feature\TicketNotificationTest" classname="Tests.Feature.TicketNotificationTest" assertions="1" time="0.135544"/>
        <testcase name="test_status_change_notification_sent_to_client_user" file="/var/www/html/tests/Feature/TicketNotificationTest.php" line="205" class="Tests\Feature\TicketNotificationTest" classname="Tests.Feature.TicketNotificationTest" assertions="0" time="0.085484">
          <error type="InvalidArgumentException">Tests\Feature\TicketNotificationTest::test_status_change_notification_sent_to_client_user
InvalidArgumentException: Cannot set priority to 'medium' for enterprise clients: no SLA policy defined. Create or seed SLA policies under Settings → SLA first.

/var/www/html/app/Services/TicketService.php:48
/var/www/html/app/Services/TicketService.php:128
/var/www/html/tests/Feature/TicketNotificationTest.php:216</error>
        </testcase>
        <testcase name="test_status_change_notification_sent_on_demand_for_guest_client" file="/var/www/html/tests/Feature/TicketNotificationTest.php" line="235" class="Tests\Feature\TicketNotificationTest" classname="Tests.Feature.TicketNotificationTest" assertions="0" time="0.144133">
          <error type="InvalidArgumentException">Tests\Feature\TicketNotificationTest::test_status_change_notification_sent_on_demand_for_guest_client
InvalidArgumentException: Cannot set priority to 'medium' for premium clients: no SLA policy defined. Create or seed SLA policies under Settings → SLA first.

/var/www/html/app/Services/TicketService.php:48
/var/www/html/app/Services/TicketService.php:128
/var/www/html/tests/Feature/TicketNotificationTest.php:245</error>
        </testcase>
        <testcase name="test_via_returns_only_mail_for_anonymous_notifiable" file="/var/www/html/tests/Feature/TicketNotificationTest.php" line="270" class="Tests\Feature\TicketNotificationTest" classname="Tests.Feature.TicketNotificationTest" assertions="2" time="0.080971"/>
      </testsuite>
      <testsuite name="Tests\Feature\TicketReopeningTest" file="/var/www/html/tests/Feature/TicketReopeningTest.php" tests="4" assertions="4" errors="0" failures="3" skipped="0" time="0.522362">
        <testcase name="test_reopen_returns_403_for_starter_plan" file="/var/www/html/tests/Feature/TicketReopeningTest.php" line="51" class="Tests\Feature\TicketReopeningTest" classname="Tests.Feature.TicketReopeningTest" assertions="1" time="0.120772"/>
        <testcase name="test_can_reopen_closed_ticket" file="/var/www/html/tests/Feature/TicketReopeningTest.php" line="65" class="Tests\Feature\TicketReopeningTest" classname="Tests.Feature.TicketReopeningTest" assertions="1" time="0.151437">
          <failure type="PHPUnit\Framework\ExpectationFailedException">Tests\Feature\TicketReopeningTest::test_can_reopen_closed_ticket
Expected response status code [201, 301, 302, 303, 307, 308] but received 403.
Failed asserting that false is true.

/var/www/html/vendor/laravel/framework/src/Illuminate/Testing/TestResponseAssert.php:45
/var/www/html/vendor/laravel/framework/src/Illuminate/Testing/TestResponse.php:200
/var/www/html/tests/Feature/TicketReopeningTest.php:76</failure>
        </testcase>
        <testcase name="test_reopen_increments_reopened_count" file="/var/www/html/tests/Feature/TicketReopeningTest.php" line="84" class="Tests\Feature\TicketReopeningTest" classname="Tests.Feature.TicketReopeningTest" assertions="1" time="0.124984">
          <failure type="PHPUnit\Framework\ExpectationFailedException">Tests\Feature\TicketReopeningTest::test_reopen_increments_reopened_count
Failed asserting that 2 matches expected 3.

/var/www/html/tests/Feature/TicketReopeningTest.php:98</failure>
        </testcase>
        <testcase name="test_reopen_creates_history_entry" file="/var/www/html/tests/Feature/TicketReopeningTest.php" line="101" class="Tests\Feature\TicketReopeningTest" classname="Tests.Feature.TicketReopeningTest" assertions="1" time="0.125168">
          <failure type="PHPUnit\Framework\ExpectationFailedException">Tests\Feature\TicketReopeningTest::test_reopen_creates_history_entry
Failed asserting that a row in the table [ticket_histories] matches the attributes {
    "ticket_id": 56,
    "action": "status_changed",
    "new_value": "open"
}.

The table is empty.

/var/www/html/vendor/laravel/framework/src/Illuminate/Foundation/Testing/Concerns/InteractsWithDatabase.php:43
/var/www/html/tests/Feature/TicketReopeningTest.php:113</failure>
        </testcase>
      </testsuite>
      <testsuite name="Tests\Feature\TicketTaskControllerTest" file="/var/www/html/tests/Feature/TicketTaskControllerTest.php" tests="7" assertions="8" errors="0" failures="5" skipped="0" time="2.375466">
        <testcase name="test_add_task" file="/var/www/html/tests/Feature/TicketTaskControllerTest.php" line="40" class="Tests\Feature\TicketTaskControllerTest" classname="Tests.Feature.TicketTaskControllerTest" assertions="2" time="0.336743"/>
        <testcase name="test_update_task" file="/var/www/html/tests/Feature/TicketTaskControllerTest.php" line="54" class="Tests\Feature\TicketTaskControllerTest" classname="Tests.Feature.TicketTaskControllerTest" assertions="1" time="0.319683">
          <failure type="PHPUnit\Framework\ExpectationFailedException">Tests\Feature\TicketTaskControllerTest::test_update_task
Expected response status code [201, 301, 302, 303, 307, 308] but received 404.
Failed asserting that false is true.

/var/www/html/vendor/laravel/framework/src/Illuminate/Testing/TestResponseAssert.php:45
/var/www/html/vendor/laravel/framework/src/Illuminate/Testing/TestResponse.php:200
/var/www/html/tests/Feature/TicketTaskControllerTest.php:61</failure>
        </testcase>
        <testcase name="test_change_task_status" file="/var/www/html/tests/Feature/TicketTaskControllerTest.php" line="67" class="Tests\Feature\TicketTaskControllerTest" classname="Tests.Feature.TicketTaskControllerTest" assertions="1" time="0.346638">
          <failure type="PHPUnit\Framework\ExpectationFailedException">Tests\Feature\TicketTaskControllerTest::test_change_task_status
Expected response status code [201, 301, 302, 303, 307, 308] but received 404.
Failed asserting that false is true.

/var/www/html/vendor/laravel/framework/src/Illuminate/Testing/TestResponseAssert.php:45
/var/www/html/vendor/laravel/framework/src/Illuminate/Testing/TestResponse.php:200
/var/www/html/tests/Feature/TicketTaskControllerTest.php:74</failure>
        </testcase>
        <testcase name="test_delete_task" file="/var/www/html/tests/Feature/TicketTaskControllerTest.php" line="80" class="Tests\Feature\TicketTaskControllerTest" classname="Tests.Feature.TicketTaskControllerTest" assertions="1" time="0.365847">
          <failure type="PHPUnit\Framework\ExpectationFailedException">Tests\Feature\TicketTaskControllerTest::test_delete_task
Expected response status code [201, 301, 302, 303, 307, 308] but received 404.
Failed asserting that false is true.

/var/www/html/vendor/laravel/framework/src/Illuminate/Testing/TestResponseAssert.php:45
/var/www/html/vendor/laravel/framework/src/Illuminate/Testing/TestResponse.php:200
/var/www/html/tests/Feature/TicketTaskControllerTest.php:85</failure>
        </testcase>
        <testcase name="test_task_creates_activity_log" file="/var/www/html/tests/Feature/TicketTaskControllerTest.php" line="90" class="Tests\Feature\TicketTaskControllerTest" classname="Tests.Feature.TicketTaskControllerTest" assertions="1" time="0.337000"/>
        <testcase name="test_task_status_creates_activity_log" file="/var/www/html/tests/Feature/TicketTaskControllerTest.php" line="104" class="Tests\Feature\TicketTaskControllerTest" classname="Tests.Feature.TicketTaskControllerTest" assertions="1" time="0.336061">
          <failure type="PHPUnit\Framework\ExpectationFailedException">Tests\Feature\TicketTaskControllerTest::test_task_status_creates_activity_log
Failed asserting that a row in the table [ticket_histories] matches the attributes {
    "ticket_id": 62,
    "action": "task_status_changed"
}.

The table is empty.

/var/www/html/vendor/laravel/framework/src/Illuminate/Foundation/Testing/Concerns/InteractsWithDatabase.php:43
/var/www/html/tests/Feature/TicketTaskControllerTest.php:113</failure>
        </testcase>
        <testcase name="test_task_history_endpoint" file="/var/www/html/tests/Feature/TicketTaskControllerTest.php" line="119" class="Tests\Feature\TicketTaskControllerTest" classname="Tests.Feature.TicketTaskControllerTest" assertions="1" time="0.333495">
          <failure type="PHPUnit\Framework\ExpectationFailedException">Tests\Feature\TicketTaskControllerTest::test_task_history_endpoint
Expected response status code [200] but received 404.
Failed asserting that 404 is identical to 200.

/var/www/html/vendor/laravel/framework/src/Illuminate/Testing/TestResponseAssert.php:45
/var/www/html/vendor/laravel/framework/src/Illuminate/Testing/TestResponse.php:175
/var/www/html/vendor/laravel/framework/src/Illuminate/Testing/Concerns/AssertsStatusCodes.php:16
/var/www/html/tests/Feature/TicketTaskControllerTest.php:125</failure>
        </testcase>
      </testsuite>
      <testsuite name="Tests\Feature\UserTenantTest" file="/var/www/html/tests/Feature/UserTenantTest.php" tests="17" assertions="25" errors="0" failures="0" skipped="0" time="1.139683">
        <testcase name="test_user_can_belong_to_multiple_tenants" file="/var/www/html/tests/Feature/UserTenantTest.php" line="14" class="Tests\Feature\UserTenantTest" classname="Tests.Feature.UserTenantTest" assertions="3" time="0.064778"/>
        <testcase name="test_user_can_set_current_tenant" file="/var/www/html/tests/Feature/UserTenantTest.php" line="28" class="Tests\Feature\UserTenantTest" classname="Tests.Feature.UserTenantTest" assertions="1" time="0.065014"/>
        <testcase name="test_user_can_get_current_tenant" file="/var/www/html/tests/Feature/UserTenantTest.php" line="40" class="Tests\Feature\UserTenantTest" classname="Tests.Feature.UserTenantTest" assertions="2" time="0.056358"/>
        <testcase name="test_user_cannot_set_tenant_they_dont_belong_to" file="/var/www/html/tests/Feature/UserTenantTest.php" line="55" class="Tests\Feature\UserTenantTest" classname="Tests.Feature.UserTenantTest" assertions="1" time="0.045611"/>
        <testcase name="test_user_can_clear_current_tenant" file="/var/www/html/tests/Feature/UserTenantTest.php" line="66" class="Tests\Feature\UserTenantTest" classname="Tests.Feature.UserTenantTest" assertions="1" time="0.050451"/>
        <testcase name="test_user_can_get_role_in_tenant" file="/var/www/html/tests/Feature/UserTenantTest.php" line="79" class="Tests\Feature\UserTenantTest" classname="Tests.Feature.UserTenantTest" assertions="1" time="0.067077"/>
        <testcase name="test_user_role_in_tenant_returns_null_if_not_member" file="/var/www/html/tests/Feature/UserTenantTest.php" line="88" class="Tests\Feature\UserTenantTest" classname="Tests.Feature.UserTenantTest" assertions="1" time="0.073423"/>
        <testcase name="test_user_is_owner_of_tenant" file="/var/www/html/tests/Feature/UserTenantTest.php" line="96" class="Tests\Feature\UserTenantTest" classname="Tests.Feature.UserTenantTest" assertions="1" time="0.076630"/>
        <testcase name="test_user_is_not_owner_of_tenant" file="/var/www/html/tests/Feature/UserTenantTest.php" line="105" class="Tests\Feature\UserTenantTest" classname="Tests.Feature.UserTenantTest" assertions="1" time="0.103735"/>
        <testcase name="test_user_is_admin_of_tenant" file="/var/www/html/tests/Feature/UserTenantTest.php" line="114" class="Tests\Feature\UserTenantTest" classname="Tests.Feature.UserTenantTest" assertions="1" time="0.076980"/>
        <testcase name="test_owner_is_also_admin" file="/var/www/html/tests/Feature/UserTenantTest.php" line="123" class="Tests\Feature\UserTenantTest" classname="Tests.Feature.UserTenantTest" assertions="1" time="0.056418"/>
        <testcase name="test_member_is_not_admin" file="/var/www/html/tests/Feature/UserTenantTest.php" line="132" class="Tests\Feature\UserTenantTest" classname="Tests.Feature.UserTenantTest" assertions="1" time="0.079887"/>
        <testcase name="test_user_can_get_owned_tenants" file="/var/www/html/tests/Feature/UserTenantTest.php" line="141" class="Tests\Feature\UserTenantTest" classname="Tests.Feature.UserTenantTest" assertions="2" time="0.071445"/>
        <testcase name="test_user_can_get_admin_tenants" file="/var/www/html/tests/Feature/UserTenantTest.php" line="156" class="Tests\Feature\UserTenantTest" classname="Tests.Feature.UserTenantTest" assertions="4" time="0.068818"/>
        <testcase name="test_ensure_current_tenant_sets_first_tenant" file="/var/www/html/tests/Feature/UserTenantTest.php" line="175" class="Tests\Feature\UserTenantTest" classname="Tests.Feature.UserTenantTest" assertions="2" time="0.061476"/>
        <testcase name="test_ensure_current_tenant_returns_existing_tenant" file="/var/www/html/tests/Feature/UserTenantTest.php" line="188" class="Tests\Feature\UserTenantTest" classname="Tests.Feature.UserTenantTest" assertions="1" time="0.065513"/>
        <testcase name="test_ensure_current_tenant_returns_null_if_no_tenants" file="/var/www/html/tests/Feature/UserTenantTest.php" line="204" class="Tests\Feature\UserTenantTest" classname="Tests.Feature.UserTenantTest" assertions="1" time="0.056067"/>
      </testsuite>
    </testsuite>
  </testsuite>
</testsuites>
